#
# A fatal error has been detected by the Java Runtime Environment:
#
#  SIGILL (0x4) at pc=0x00007fff2a3de794, pid=21620, tid=0x0000000000000307
#
# JRE version: Java(TM) SE Runtime Environment (8.0_162-b12) (build 1.8.0_162-b12)
# Java VM: Java HotSpot(TM) 64-Bit Server VM (25.162-b12 mixed mode bsd-amd64 compressed oops)
# Problematic frame:
# C  [AppKit+0x36c794]  -[NSApplication _crashOnException:]+0x6d
#
# Failed to write core dump. Core dumps have been disabled. To enable core dumping, try "ulimit -c unlimited" before starting Java again
#
# If you would like to submit a bug report, please visit:
#   http://bugreport.java.com/bugreport/crash.jsp
# The crash happened outside the Java Virtual Machine in native code.
# See problematic frame for where to report the bug.
#

---------------  T H R E A D  ---------------

Current thread (0x00007f8591132000):  JavaThread "AWT-AppKit" daemon [_thread_in_native, id=775, stack(0x00007ffeed0b6000,0x00007ffeed8b6000)]

siginfo: si_signo: 4 (SIGILL), si_code: 1 (ILL_ILLOPC), si_addr: 0x00007fff2a3de794

Registers:
RAX=0x00007f8593571a00, RBX=0x00007f8591be18a0, RCX=0x0000000000000000, RDX=0x0000000000000ef0
RSP=0x00007ffeed8b1aa0, RBP=0x00007ffeed8b1ab0, RSI=0x00007f85935712e1, RDI=0x0000000008000101
R8 =0x0000000000000000, R9 =0x0000000000000000, R10=0x00007ffeed8b15a8, R11=0x00000000000015ff
R12=0x00007f8590edf9a0, R13=0x00007f8593904068, R14=0x00007fff537eae80, R15=0x00007fff2caef3e0
RIP=0x00007fff2a3de794, EFLAGS=0x0000000000010206, ERR=0x0000000000000000
  TRAPNO=0x0000000000000006

Top of Stack: (sp=0x00007ffeed8b1aa0)
0x00007ffeed8b1aa0:   00007f8590df0178 00007f8590eca170
0x00007ffeed8b1ab0:   00007ffeed8b1be0 00007fff2a9aa897
0x00007ffeed8b1ac0:   0000000000000001 00007fff864c4710
0x00007ffeed8b1ad0:   00007fff86e57bd0 00007fff864c4710
0x00007ffeed8b1ae0:   00007ffeed8b1f80 00007fff2ca929a5
0x00007ffeed8b1af0:   6974636e7546534e 6f72507261426e6f
0x00007ffeed8b1b00:   00007fff864c4710 00007fff00000000
0x00007ffeed8b1b10:   00000000000003df 00007fff00000000
0x00007ffeed8b1b20:   0000000000000000 00007fff2ac9b58e
0x00007ffeed8b1b30:   0000000008000100 0000000000000008
0x00007ffeed8b1b40:   0000000000000000 0000000000000000
0x00007ffeed8b1b50:   00007ffeed8b1ba0 00007fff537efed6
0x00007ffeed8b1b60:   00007f8590dbc940 0003860000038600
0x00007ffeed8b1b70:   00007f8590c7bf60 00007fff54591384
0x00007ffeed8b1b80:   0000000000000003 0000000102367080
0x00007ffeed8b1b90:   0000000000000002 0000000102369a00
0x00007ffeed8b1ba0:   000000002b3100c5 00007f8590eca170
0x00007ffeed8b1bb0:   046281acfb3a0057 00007f8590edf9a0
0x00007ffeed8b1bc0:   0000000000000002 00007f8590edf9a8
0x00007ffeed8b1bd0:   0000000000000000 00007fff2caef3e0
0x00007ffeed8b1be0:   00007ffeed8b1bf0 00007fff2caef127
0x00007ffeed8b1bf0:   00007ffeed8b1cd0 00007fff2caef04f
0x00007ffeed8b1c00:   00007f8590edf9a0 00007f8596d2fe80
0x00007ffeed8b1c10:   00007f8596d30280 00007f8590f00040
0x00007ffeed8b1c20:   00007fff86e50e20 00007f8590f001d0
0x00007ffeed8b1c30:   00007ffeed8b1cd0 00007fff2caeeeae
0x00007ffeed8b1c40:   0000000102366000 0000000500002d8a
0x00007ffeed8b1c50:   00007f8590f001d0 00007f8590f00040
0x00007ffeed8b1c60:   00007ffeed8b1c40 00007ffeed8b1c00
0x00007ffeed8b1c70:   00007f8590f001e0 00007f8590f00050
0x00007ffeed8b1c80:   00007f8590eca170 0000000000000002
0x00007ffeed8b1c90:   0000000000000003 00007ffeed8b1c00 

Instructions: (pc=0x00007fff2a3de794)
0x00007fff2a3de774:   48 89 c7 ff 15 eb 29 08 5c 48 8b 35 1c 2f 38 5c
0x00007fff2a3de784:   48 89 c7 ff 15 db 29 08 5c 48 89 05 bc df 3f 5c
0x00007fff2a3de794:   0f 0b 48 89 c7 e8 94 2d 8a 00 31 ff 31 f6 31 c0
0x00007fff2a3de7a4:   e8 fc 89 e4 ff e8 a8 2d 8a 00 48 89 c3 e8 94 2d 

Register to memory mapping:

RAX=0x00007f8593571a00 is an unknown value
RBX=0x00007f8591be18a0 is an unknown value
RCX=0x0000000000000000 is an unknown value
RDX=0x0000000000000ef0 is an unknown value
RSP=0x00007ffeed8b1aa0 is pointing into the stack for thread: 0x00007f8591132000
RBP=0x00007ffeed8b1ab0 is pointing into the stack for thread: 0x00007f8591132000
RSI=0x00007f85935712e1 is an unknown value
RDI=0x0000000008000101 is an unknown value
R8 =0x0000000000000000 is an unknown value
R9 =0x0000000000000000 is an unknown value
R10=0x00007ffeed8b15a8 is pointing into the stack for thread: 0x00007f8591132000
R11=0x00000000000015ff is an unknown value
R12=0x00007f8590edf9a0 is an unknown value
R13=0x00007f8593904068 is an unknown value
R14=0x00007fff537eae80: objc_msgSend+0 in /usr/lib/libobjc.A.dylib at 0x00007fff537e4000
R15=0x00007fff2caef3e0: _runLoopObserverWithBlockContext+0 in /System/Library/Frameworks/CoreFoundation.framework/Versions/A/CoreFoundation at 0x00007fff2ca4c000


Stack: [0x00007ffeed0b6000,0x00007ffeed8b6000],  sp=0x00007ffeed8b1aa0,  free space=8174k
Native frames: (J=compiled Java code, j=interpreted, Vv=VM code, C=native code)
C  [AppKit+0x36c794]  -[NSApplication _crashOnException:]+0x6d
C  [AppKit+0x938897]  __65+[CATransaction(NSCATransaction) NS_setFlushesWithDisplayRefresh]_block_invoke+0x35a
C  [CoreFoundation+0xa3127]  __CFRUNLOOP_IS_CALLING_OUT_TO_AN_OBSERVER_CALLBACK_FUNCTION__+0x17
C  [CoreFoundation+0xa304f]  __CFRunLoopDoObservers+0x20f
C  [CoreFoundation+0x856a8]  __CFRunLoopRun+0x4d8
C  [CoreFoundation+0x84f43]  CFRunLoopRunSpecific+0x1e3
C  [HIToolbox+0x2fe26]  RunCurrentEventLoopInMode+0x11e
C  [HIToolbox+0x2fb96]  ReceiveNextEventCommon+0x265
C  [HIToolbox+0x2f914]  _BlockUntilNextEventMatchingListInModeWithFilter+0x40
C  [AppKit+0x41f5f]  _DPSNextEvent+0x825
C  [AppKit+0x7d7b4c]  -[NSApplication(NSEvent) _nextEventMatchingEventMask:untilDate:inMode:dequeue:]+0xbe4
C  [libosxapp.dylib+0x2328]  -[NSApplicationAWT nextEventMatchingMask:untilDate:inMode:dequeue:]+0x7c
C  [AppKit+0x36d6d]  -[NSApplication run]+0x2fc
C  [libosxapp.dylib+0x1f72]  +[NSApplicationAWT runAWTLoopWithApp:]+0x9c
C  [libawt_lwawt.dylib+0x4711f]  -[AWTStarter starter:]+0x389
C  [Foundation+0x681c5]  __NSThreadPerformPerform+0x14e
C  [CoreFoundation+0xa3721]  __CFRUNLOOP_IS_CALLING_OUT_TO_A_SOURCE0_PERFORM_FUNCTION__+0x11
C  [CoreFoundation+0x15d0ac]  __CFRunLoopDoSource0+0x6c
C  [CoreFoundation+0x86260]  __CFRunLoopDoSources0+0xd0
C  [CoreFoundation+0x856dd]  __CFRunLoopRun+0x50d
C  [CoreFoundation+0x84f43]  CFRunLoopRunSpecific+0x1e3
C  [java+0x6472]  CreateExecutionEnvironment+0x367
C  [java+0x207c]  JLI_Launch+0x7a0
C  [java+0x84cf]  main+0x65
C  [java+0x18d4]  start+0x34
C  0x0000000000000005


---------------  P R O C E S S  ---------------

Java Threads: ( => current thread )
  0x00007f8593526800 JavaThread "J3D-Renderer-1" [_thread_blocked, id=69399, stack(0x00007000097d9000,0x00007000098d9000)]
  0x00007f8591246800 JavaThread "J3D-MasterControl-1" [_thread_blocked, id=71951, stack(0x00007000096d6000,0x00007000097d6000)]
  0x00007f859123f000 JavaThread "J3D-NotificationThread" [_thread_blocked, id=71179, stack(0x00007000095d3000,0x00007000096d3000)]
  0x00007f8591236000 JavaThread "J3D-TimerThread" [_thread_blocked, id=69135, stack(0x00007000094d0000,0x00007000095d0000)]
  0x00007f8591231800 JavaThread "J3D-RenderingAttributesStructureUpdateThread" [_thread_blocked, id=69911, stack(0x00007000093cd000,0x00007000094cd000)]
  0x00007f859411d000 JavaThread "AWT-EventQueue-0" [_thread_in_native, id=57347, stack(0x00007000092ca000,0x00007000093ca000)]
  0x00007f8593220800 JavaThread "Java2D Disposer" daemon [_thread_blocked, id=57103, stack(0x00007000091c7000,0x00007000092c7000)]
  0x00007f859342d800 JavaThread "Java2D Queue Flusher" daemon [_thread_blocked, id=75271, stack(0x00007000090c4000,0x00007000091c4000)]
  0x00007f8593923800 JavaThread "AWT-Shutdown" [_thread_blocked, id=37675, stack(0x0000700008c2c000,0x0000700008d2c000)]
=>0x00007f8591132000 JavaThread "AWT-AppKit" daemon [_thread_in_native, id=775, stack(0x00007ffeed0b6000,0x00007ffeed8b6000)]
  0x00007f8591023000 JavaThread "Service Thread" daemon [_thread_blocked, id=16131, stack(0x0000700008a26000,0x0000700008b26000)]
  0x00007f8591018800 JavaThread "C1 CompilerThread3" daemon [_thread_blocked, id=15363, stack(0x0000700008923000,0x0000700008a23000)]
  0x00007f8591017800 JavaThread "C2 CompilerThread2" daemon [_thread_blocked, id=16899, stack(0x0000700008820000,0x0000700008920000)]
  0x00007f8591017000 JavaThread "C2 CompilerThread1" daemon [_thread_blocked, id=15107, stack(0x000070000871d000,0x000070000881d000)]
  0x00007f8595000000 JavaThread "C2 CompilerThread0" daemon [_thread_blocked, id=17667, stack(0x000070000861a000,0x000070000871a000)]
  0x00007f8591003800 JavaThread "Signal Dispatcher" daemon [_thread_blocked, id=14603, stack(0x0000700008517000,0x0000700008617000)]
  0x00007f8593829800 JavaThread "Finalizer" daemon [_thread_blocked, id=13059, stack(0x0000700008414000,0x0000700008514000)]
  0x00007f8594031000 JavaThread "Reference Handler" daemon [_thread_blocked, id=19715, stack(0x0000700008311000,0x0000700008411000)]
  0x00007f8591008800 JavaThread "main" [_thread_in_native, id=9731, stack(0x00007000078f3000,0x00007000079f3000)]

Other Threads:
  0x00007f8593826800 VMThread [stack: 0x000070000820e000,0x000070000830e000] [id=20227]
  0x00007f8594065800 WatcherThread [stack: 0x0000700008b29000,0x0000700008c29000] [id=15619]

VM state:not at safepoint (normal execution)

VM Mutex/Monitor currently owned by a thread: None

Heap:
 PSYoungGen      total 76288K, used 42464K [0x000000076ab00000, 0x0000000770000000, 0x00000007c0000000)
  eden space 65536K, 64% used [0x000000076ab00000,0x000000076d4783d0,0x000000076eb00000)
  from space 10752K, 0% used [0x000000076f580000,0x000000076f580000,0x0000000770000000)
  to   space 10752K, 0% used [0x000000076eb00000,0x000000076eb00000,0x000000076f580000)
 ParOldGen       total 175104K, used 0K [0x00000006c0000000, 0x00000006cab00000, 0x000000076ab00000)
  object space 175104K, 0% used [0x00000006c0000000,0x00000006c0000000,0x00000006cab00000)
 Metaspace       used 18758K, capacity 19074K, committed 19328K, reserved 1067008K
  class space    used 2019K, capacity 2101K, committed 2176K, reserved 1048576K

Card table byte_map: [0x00000001047ae000,0x0000000104faf000] byte_map_base: 0x00000001011ae000

Marking Bits: (ParMarkBitMap*) 0x0000000103cf76c0
 Begin Bits: [0x0000000115799000, 0x0000000119799000)
 End Bits:   [0x0000000119799000, 0x000000011d799000)

Polling page: 0x00000001023cf000

CodeCache: size=245760Kb used=3672Kb max_used=3672Kb free=242087Kb
 bounds [0x0000000106799000, 0x0000000106b39000, 0x0000000115799000]
 total_blobs=1885 nmethods=986 adapters=813
 compilation: enabled

Compilation events (10 events):
Event: 7.361 Thread 0x00007f8591018800  981       1       jogamp.opengl.ExtensionAvailabilityCache::isInitialized (5 bytes)
Event: 7.361 Thread 0x00007f8591018800 nmethod 981 0x0000000106b2d8d0 code [0x0000000106b2da20, 0x0000000106b2db30]
Event: 7.361 Thread 0x00007f8591018800  983       3       java.awt.KeyboardFocusManager::checkKFMSecurity (11 bytes)
Event: 7.364 Thread 0x00007f8591018800 nmethod 983 0x0000000106b2df10 code [0x0000000106b2e0e0, 0x0000000106b2e5f8]
Event: 7.367 Thread 0x00007f8591018800  984       1       com.jogamp.opengl.FBObject$Attachment::getName (5 bytes)
Event: 7.368 Thread 0x00007f8591018800 nmethod 984 0x0000000106b2e810 code [0x0000000106b2e960, 0x0000000106b2ea70]
Event: 7.372 Thread 0x00007f8591018800  985       3       javax.media.j3d.Node::<init> (17 bytes)
Event: 7.373 Thread 0x00007f8591018800 nmethod 985 0x0000000106b2ead0 code [0x0000000106b2ec60, 0x0000000106b2f058]
Event: 7.373 Thread 0x00007f8591018800  986       3       javax.media.j3d.NodeRetained::<init> (145 bytes)
Event: 7.373 Thread 0x00007f8591018800 nmethod 986 0x0000000106b2f1d0 code [0x0000000106b2f380, 0x0000000106b2f958]

GC Heap History (0 events):
No events

Deoptimization events (10 events):
Event: 0.650 Thread 0x00007f8591008800 Uncommon trap: reason=predicate action=maybe_recompile pc=0x00000001069afcc8 method=java.util.regex.Pattern$Start.match(Ljava/util/regex/Matcher;ILjava/lang/CharSequence;)Z @ 37
Event: 0.650 Thread 0x00007f8591008800 Uncommon trap: reason=unstable_if action=reinterpret pc=0x0000000106994a20 method=java.util.regex.Pattern$Single.isSatisfiedBy(I)Z @ 5
Event: 0.650 Thread 0x00007f8591008800 Uncommon trap: reason=class_check action=maybe_recompile pc=0x000000010699838c method=java.util.regex.Pattern$Curly.match(Ljava/util/regex/Matcher;ILjava/lang/CharSequence;)Z @ 19
Event: 0.650 Thread 0x00007f8591008800 Uncommon trap: reason=unstable_if action=reinterpret pc=0x00000001069983dc method=java.util.regex.Pattern$Curly.match(Ljava/util/regex/Matcher;ILjava/lang/CharSequence;)Z @ 9
Event: 0.650 Thread 0x00007f8591008800 Uncommon trap: reason=predicate action=maybe_recompile pc=0x00000001069b5448 method=java.util.regex.Pattern$Start.match(Ljava/util/regex/Matcher;ILjava/lang/CharSequence;)Z @ 37
Event: 0.650 Thread 0x00007f8591008800 Uncommon trap: reason=unstable_if action=reinterpret pc=0x0000000106996f34 method=java.util.regex.Pattern$Single.isSatisfiedBy(I)Z @ 5
Event: 1.905 Thread 0x00007f8591008800 Uncommon trap: reason=unstable_if action=reinterpret pc=0x0000000106935688 method=java.lang.String.replace(CC)Ljava/lang/String; @ 26
Event: 1.952 Thread 0x00007f8593526800 Uncommon trap: reason=unstable_if action=reinterpret pc=0x0000000106a67b48 method=java.util.HashMap.getNode(ILjava/lang/Object;)Ljava/util/HashMap$Node; @ 116
Event: 6.262 Thread 0x00007f8591008800 Uncommon trap: reason=unstable_if action=reinterpret pc=0x0000000106a9501c method=java.util.zip.ZipCoder.decoder()Ljava/nio/charset/CharsetDecoder; @ 4
Event: 6.269 Thread 0x00007f8591008800 Uncommon trap: reason=unstable_if action=reinterpret pc=0x0000000106ab4b6c method=java.util.HashMap.hash(Ljava/lang/Object;)I @ 1

Classes redefined (0 events):
No events

Internal exceptions (10 events):
Event: 0.568 Thread 0x00007f8591008800 Exception <a 'java/lang/UnsatisfiedLinkError': com.jogamp.common.util.JarUtil.fixNativeLibAttribs(Ljava/lang/String;)Z> (0x000000076b6bc740) thrown at [/Users/java_re/workspace/8-2-build-macosx-x86_64/jdk8u162/10278/hotspot/src/share/vm/prims/nativeLookup
Event: 0.574 Thread 0x00007f8591008800 Exception <a 'java/lang/UnsatisfiedLinkError': com.jogamp.common.util.JarUtil.fixNativeLibAttribs(Ljava/lang/String;)Z> (0x000000076b6c5498) thrown at [/Users/java_re/workspace/8-2-build-macosx-x86_64/jdk8u162/10278/hotspot/src/share/vm/prims/nativeLookup
Event: 0.575 Thread 0x00007f8591008800 Exception <a 'java/lang/UnsatisfiedLinkError': com.jogamp.common.util.JarUtil.fixNativeLibAttribs(Ljava/lang/String;)Z> (0x000000076b6d36d8) thrown at [/Users/java_re/workspace/8-2-build-macosx-x86_64/jdk8u162/10278/hotspot/src/share/vm/prims/nativeLookup
Event: 0.577 Thread 0x00007f8591008800 Exception <a 'java/lang/UnsatisfiedLinkError': com.jogamp.common.util.JarUtil.fixNativeLibAttribs(Ljava/lang/String;)Z> (0x000000076b6dc390) thrown at [/Users/java_re/workspace/8-2-build-macosx-x86_64/jdk8u162/10278/hotspot/src/share/vm/prims/nativeLookup
Event: 0.578 Thread 0x00007f8591008800 Exception <a 'java/lang/UnsatisfiedLinkError': com.jogamp.common.util.JarUtil.fixNativeLibAttribs(Ljava/lang/String;)Z> (0x000000076b6eba50) thrown at [/Users/java_re/workspace/8-2-build-macosx-x86_64/jdk8u162/10278/hotspot/src/share/vm/prims/nativeLookup
Event: 0.590 Thread 0x00007f8591008800 Exception <a 'java/lang/UnsatisfiedLinkError': com.jogamp.common.util.JarUtil.fixNativeLibAttribs(Ljava/lang/String;)Z> (0x000000076b6f47b0) thrown at [/Users/java_re/workspace/8-2-build-macosx-x86_64/jdk8u162/10278/hotspot/src/share/vm/prims/nativeLookup
Event: 0.591 Thread 0x00007f8591008800 Exception <a 'java/lang/UnsatisfiedLinkError': com.jogamp.common.util.JarUtil.fixNativeLibAttribs(Ljava/lang/String;)Z> (0x000000076b6fd468) thrown at [/Users/java_re/workspace/8-2-build-macosx-x86_64/jdk8u162/10278/hotspot/src/share/vm/prims/nativeLookup
Event: 0.605 Thread 0x00007f8591008800 Exception <a 'java/lang/UnsatisfiedLinkError': com.jogamp.common.util.JarUtil.fixNativeLibAttribs(Ljava/lang/String;)Z> (0x000000076b706188) thrown at [/Users/java_re/workspace/8-2-build-macosx-x86_64/jdk8u162/10278/hotspot/src/share/vm/prims/nativeLookup
Event: 0.613 Thread 0x00007f8591008800 Exception <a 'java/lang/UnsatisfiedLinkError': com.jogamp.common.util.JarUtil.fixNativeLibAttribs(Ljava/lang/String;)Z> (0x000000076b70ee50) thrown at [/Users/java_re/workspace/8-2-build-macosx-x86_64/jdk8u162/10278/hotspot/src/share/vm/prims/nativeLookup
Event: 6.269 Thread 0x00007f8591008800 Implicit null exception at 0x0000000106ab4935 to 0x0000000106ab4b5d

Events (10 events):
Event: 7.378 loading class javax/media/j3d/BHLeafNode
Event: 7.378 loading class javax/media/j3d/BHLeafNode done
Event: 7.379 loading class javax/media/j3d/BHTree
Event: 7.379 loading class javax/media/j3d/BHTree done
Event: 7.379 loading class javax/media/j3d/WakeupIndexedList
Event: 7.379 loading class javax/media/j3d/WakeupIndexedList done
Event: 7.381 loading class javax/media/j3d/UpdateTargets
Event: 7.381 loading class javax/media/j3d/UpdateTargets done
Event: 7.381 loading class javax/media/j3d/BehaviorRetained
Event: 7.381 loading class javax/media/j3d/BehaviorRetained done


Dynamic libraries:
0x00000000050a4000 	/System/Library/Frameworks/Cocoa.framework/Versions/A/Cocoa
0x00000000050a4000 	/System/Library/Frameworks/Security.framework/Versions/A/Security
0x00000000050a4000 	/System/Library/Frameworks/ApplicationServices.framework/Versions/A/ApplicationServices
0x00000000050a4000 	/usr/lib/libz.1.dylib
0x00000000050a4000 	/usr/lib/libSystem.B.dylib
0x00000000050a4000 	/usr/lib/libobjc.A.dylib
0x00000000050a4000 	/System/Library/Frameworks/CoreFoundation.framework/Versions/A/CoreFoundation
0x00000000050a4000 	/System/Library/Frameworks/Foundation.framework/Versions/C/Foundation
0x00000000050a4000 	/System/Library/Frameworks/AppKit.framework/Versions/C/AppKit
0x00000000050a4000 	/System/Library/Frameworks/CoreData.framework/Versions/A/CoreData
0x00000000050a4000 	/System/Library/PrivateFrameworks/RemoteViewServices.framework/Versions/A/RemoteViewServices
0x00000000050a4000 	/System/Library/PrivateFrameworks/UIFoundation.framework/Versions/A/UIFoundation
0x00000000050a4000 	/System/Library/PrivateFrameworks/DFRFoundation.framework/Versions/A/DFRFoundation
0x00000000050a4000 	/System/Library/Frameworks/Metal.framework/Versions/A/Metal
0x00000000050a4000 	/System/Library/PrivateFrameworks/DesktopServicesPriv.framework/Versions/A/DesktopServicesPriv
0x00000000050a4000 	/usr/lib/libenergytrace.dylib
0x00000000050a4000 	/System/Library/PrivateFrameworks/SkyLight.framework/Versions/A/SkyLight
0x00000000050a4000 	/System/Library/Frameworks/CoreGraphics.framework/Versions/A/CoreGraphics
0x00000000050a4000 	/usr/lib/libScreenReader.dylib
0x00000000050a4000 	/System/Library/Frameworks/Accelerate.framework/Versions/A/Accelerate
0x00000000050a4000 	/System/Library/Frameworks/IOSurface.framework/Versions/A/IOSurface
0x00000000050a4000 	/System/Library/Frameworks/AudioToolbox.framework/Versions/A/AudioToolbox
0x00000000050a4000 	/System/Library/Frameworks/AudioUnit.framework/Versions/A/AudioUnit
0x00000000050a4000 	/System/Library/PrivateFrameworks/DataDetectorsCore.framework/Versions/A/DataDetectorsCore
0x00000000050a4000 	/System/Library/Frameworks/Carbon.framework/Versions/A/Frameworks/HIToolbox.framework/Versions/A/HIToolbox
0x00000000050a4000 	/usr/lib/libicucore.A.dylib
0x00000000050a4000 	/System/Library/Frameworks/QuartzCore.framework/Versions/A/QuartzCore
0x00000000050a4000 	/System/Library/Frameworks/Carbon.framework/Versions/A/Frameworks/SpeechRecognition.framework/Versions/A/SpeechRecognition
0x00000000050a4000 	/usr/lib/libauto.dylib
0x00000000050a4000 	/usr/lib/libxml2.2.dylib
0x00000000050a4000 	/System/Library/PrivateFrameworks/CoreUI.framework/Versions/A/CoreUI
0x00000000050a4000 	/System/Library/Frameworks/CoreAudio.framework/Versions/A/CoreAudio
0x00000000050a4000 	/System/Library/Frameworks/DiskArbitration.framework/Versions/A/DiskArbitration
0x00000000050a4000 	/usr/lib/liblangid.dylib
0x00000000050a4000 	/System/Library/PrivateFrameworks/MultitouchSupport.framework/Versions/A/MultitouchSupport
0x00000000050a4000 	/System/Library/Frameworks/IOKit.framework/Versions/A/IOKit
0x00000000050a4000 	/usr/lib/libDiagnosticMessagesClient.dylib
0x00000000050a4000 	/System/Library/Frameworks/CoreServices.framework/Versions/A/CoreServices
0x00000000050a4000 	/System/Library/PrivateFrameworks/PerformanceAnalysis.framework/Versions/A/PerformanceAnalysis
0x00000000050a4000 	/System/Library/Frameworks/OpenGL.framework/Versions/A/OpenGL
0x00000000050a4000 	/System/Library/Frameworks/ColorSync.framework/Versions/A/ColorSync
0x00000000050a4000 	/System/Library/Frameworks/CoreImage.framework/Versions/A/CoreImage
0x00000000050a4000 	/System/Library/Frameworks/CoreText.framework/Versions/A/CoreText
0x00000000050a4000 	/System/Library/Frameworks/ImageIO.framework/Versions/A/ImageIO
0x00000000050a4000 	/System/Library/PrivateFrameworks/Backup.framework/Versions/A/Backup
0x00000000050a4000 	/usr/lib/libarchive.2.dylib
0x00000000050a4000 	/System/Library/Frameworks/CFNetwork.framework/Versions/A/CFNetwork
0x00000000050a4000 	/System/Library/Frameworks/SystemConfiguration.framework/Versions/A/SystemConfiguration
0x00000000050a4000 	/usr/lib/libCRFSuite.dylib
0x00000000050a4000 	/usr/lib/libc++.1.dylib
0x00000000050a4000 	/usr/lib/libc++abi.dylib
0x00000000050a4000 	/usr/lib/system/libcache.dylib
0x00000000050a4000 	/usr/lib/system/libcommonCrypto.dylib
0x00000000050a4000 	/usr/lib/system/libcompiler_rt.dylib
0x00000000050a4000 	/usr/lib/system/libcopyfile.dylib
0x00000000050a4000 	/usr/lib/system/libcorecrypto.dylib
0x00000000050a4000 	/usr/lib/system/libdispatch.dylib
0x00000000050a4000 	/usr/lib/system/libdyld.dylib
0x00000000050a4000 	/usr/lib/system/libkeymgr.dylib
0x00000000050a4000 	/usr/lib/system/liblaunch.dylib
0x00000000050a4000 	/usr/lib/system/libmacho.dylib
0x00000000050a4000 	/usr/lib/system/libquarantine.dylib
0x00000000050a4000 	/usr/lib/system/libremovefile.dylib
0x00000000050a4000 	/usr/lib/system/libsystem_asl.dylib
0x00000000050a4000 	/usr/lib/system/libsystem_blocks.dylib
0x00000000050a4000 	/usr/lib/system/libsystem_c.dylib
0x00000000050a4000 	/usr/lib/system/libsystem_configuration.dylib
0x00000000050a4000 	/usr/lib/system/libsystem_coreservices.dylib
0x00000000050a4000 	/usr/lib/system/libsystem_darwin.dylib
0x00000000050a4000 	/usr/lib/system/libsystem_dnssd.dylib
0x00000000050a4000 	/usr/lib/system/libsystem_info.dylib
0x00000000050a4000 	/usr/lib/system/libsystem_m.dylib
0x00000000050a4000 	/usr/lib/system/libsystem_malloc.dylib
0x00000000050a4000 	/usr/lib/system/libsystem_network.dylib
0x00000000050a4000 	/usr/lib/system/libsystem_networkextension.dylib
0x00000000050a4000 	/usr/lib/system/libsystem_notify.dylib
0x00000000050a4000 	/usr/lib/system/libsystem_sandbox.dylib
0x00000000050a4000 	/usr/lib/system/libsystem_secinit.dylib
0x00000000050a4000 	/usr/lib/system/libsystem_kernel.dylib
0x00000000050a4000 	/usr/lib/system/libsystem_platform.dylib
0x00000000050a4000 	/usr/lib/system/libsystem_pthread.dylib
0x00000000050a4000 	/usr/lib/system/libsystem_symptoms.dylib
0x00000000050a4000 	/usr/lib/system/libsystem_trace.dylib
0x00000000050a4000 	/usr/lib/system/libunwind.dylib
0x00000000050a4000 	/usr/lib/system/libxpc.dylib
0x00000000050a4000 	/usr/lib/closure/libclosured.dylib
0x00000000050a4000 	/usr/lib/libbsm.0.dylib
0x00000000050a4000 	/usr/lib/system/libkxld.dylib
0x00000000050a4000 	/usr/lib/libOpenScriptingUtil.dylib
0x00000000050a4000 	/usr/lib/libcoretls.dylib
0x00000000050a4000 	/usr/lib/libcoretls_cfhelpers.dylib
0x00000000050a4000 	/usr/lib/libpam.2.dylib
0x00000000050a4000 	/usr/lib/libsqlite3.dylib
0x00000000050a4000 	/usr/lib/libxar.1.dylib
0x00000000050a4000 	/usr/lib/libbz2.1.0.dylib
0x00000000050a4000 	/usr/lib/liblzma.5.dylib
0x00000000050a4000 	/usr/lib/libnetwork.dylib
0x00000000050a4000 	/usr/lib/libapple_nghttp2.dylib
0x00000000050a4000 	/usr/lib/libpcap.A.dylib
0x00000000050a4000 	/usr/lib/libboringssl.dylib
0x00000000050a4000 	/usr/lib/libusrtcp.dylib
0x00000000050a4000 	/usr/lib/libapple_crypto.dylib
0x00000000050a4000 	/System/Library/Frameworks/CoreServices.framework/Versions/A/Frameworks/FSEvents.framework/Versions/A/FSEvents
0x00000000050a4000 	/System/Library/Frameworks/CoreServices.framework/Versions/A/Frameworks/CarbonCore.framework/Versions/A/CarbonCore
0x00000000050a4000 	/System/Library/Frameworks/CoreServices.framework/Versions/A/Frameworks/Metadata.framework/Versions/A/Metadata
0x00000000050a4000 	/System/Library/Frameworks/CoreServices.framework/Versions/A/Frameworks/OSServices.framework/Versions/A/OSServices
0x00000000050a4000 	/System/Library/Frameworks/CoreServices.framework/Versions/A/Frameworks/SearchKit.framework/Versions/A/SearchKit
0x00000000050a4000 	/System/Library/Frameworks/CoreServices.framework/Versions/A/Frameworks/AE.framework/Versions/A/AE
0x00000000050a4000 	/System/Library/Frameworks/CoreServices.framework/Versions/A/Frameworks/LaunchServices.framework/Versions/A/LaunchServices
0x00000000050a4000 	/System/Library/Frameworks/CoreServices.framework/Versions/A/Frameworks/DictionaryServices.framework/Versions/A/DictionaryServices
0x00000000050a4000 	/System/Library/Frameworks/CoreServices.framework/Versions/A/Frameworks/SharedFileList.framework/Versions/A/SharedFileList
0x00000000050a4000 	/System/Library/Frameworks/NetFS.framework/Versions/A/NetFS
0x00000000050a4000 	/System/Library/PrivateFrameworks/NetAuth.framework/Versions/A/NetAuth
0x00000000050a4000 	/System/Library/PrivateFrameworks/login.framework/Versions/A/Frameworks/loginsupport.framework/Versions/A/loginsupport
0x00000000050a4000 	/System/Library/PrivateFrameworks/TCC.framework/Versions/A/TCC
0x00000000050a4000 	/usr/lib/libmecabra.dylib
0x00000000050a4000 	/System/Library/Frameworks/ApplicationServices.framework/Versions/A/Frameworks/ATS.framework/Versions/A/ATS
0x00000000050a4000 	/System/Library/Frameworks/ApplicationServices.framework/Versions/A/Frameworks/ColorSyncLegacy.framework/Versions/A/ColorSyncLegacy
0x00000000050a4000 	/System/Library/Frameworks/ApplicationServices.framework/Versions/A/Frameworks/HIServices.framework/Versions/A/HIServices
0x00000000050a4000 	/System/Library/Frameworks/ApplicationServices.framework/Versions/A/Frameworks/LangAnalysis.framework/Versions/A/LangAnalysis
0x00000000050a4000 	/System/Library/Frameworks/ApplicationServices.framework/Versions/A/Frameworks/PrintCore.framework/Versions/A/PrintCore
0x00000000050a4000 	/System/Library/Frameworks/ApplicationServices.framework/Versions/A/Frameworks/QD.framework/Versions/A/QD
0x00000000050a4000 	/System/Library/Frameworks/ApplicationServices.framework/Versions/A/Frameworks/SpeechSynthesis.framework/Versions/A/SpeechSynthesis
0x00000000050a4000 	/System/Library/Frameworks/CoreDisplay.framework/Versions/A/CoreDisplay
0x00000000050a4000 	/System/Library/Frameworks/Accelerate.framework/Versions/A/Frameworks/vImage.framework/Versions/A/vImage
0x00000000050a4000 	/System/Library/Frameworks/Accelerate.framework/Versions/A/Frameworks/vecLib.framework/Versions/A/vecLib
0x00000000050a4000 	/System/Library/Frameworks/Accelerate.framework/Versions/A/Frameworks/vecLib.framework/Versions/A/libvDSP.dylib
0x00000000050a4000 	/System/Library/Frameworks/Accelerate.framework/Versions/A/Frameworks/vecLib.framework/Versions/A/libBNNS.dylib
0x00000000050a4000 	/System/Library/Frameworks/Accelerate.framework/Versions/A/Frameworks/vecLib.framework/Versions/A/libQuadrature.dylib
0x00000000050a4000 	/System/Library/Frameworks/Accelerate.framework/Versions/A/Frameworks/vecLib.framework/Versions/A/libvMisc.dylib
0x00000000050a4000 	/System/Library/Frameworks/Accelerate.framework/Versions/A/Frameworks/vecLib.framework/Versions/A/libLAPACK.dylib
0x00000000050a4000 	/System/Library/Frameworks/Accelerate.framework/Versions/A/Frameworks/vecLib.framework/Versions/A/libBLAS.dylib
0x00000000050a4000 	/System/Library/Frameworks/Accelerate.framework/Versions/A/Frameworks/vecLib.framework/Versions/A/libLinearAlgebra.dylib
0x00000000050a4000 	/System/Library/Frameworks/Accelerate.framework/Versions/A/Frameworks/vecLib.framework/Versions/A/libSparse.dylib
0x00000000050a4000 	/System/Library/Frameworks/Accelerate.framework/Versions/A/Frameworks/vecLib.framework/Versions/A/libSparseBLAS.dylib
0x00000000050a4000 	/System/Library/PrivateFrameworks/IOAccelerator.framework/Versions/A/IOAccelerator
0x00000000050a4000 	/System/Library/PrivateFrameworks/IOPresentment.framework/Versions/A/IOPresentment
0x00000000050a4000 	/System/Library/PrivateFrameworks/DSExternalDisplay.framework/Versions/A/DSExternalDisplay
0x00000000050a4000 	/System/Library/Frameworks/OpenGL.framework/Versions/A/Libraries/libCoreFSCache.dylib
0x00000000050a4000 	/System/Library/Frameworks/CoreVideo.framework/Versions/A/CoreVideo
0x00000000050a4000 	/System/Library/PrivateFrameworks/GraphVisualizer.framework/Versions/A/GraphVisualizer
0x00000000050a4000 	/System/Library/Frameworks/MetalPerformanceShaders.framework/Versions/A/MetalPerformanceShaders
0x00000000050a4000 	/usr/lib/libFosl_dynamic.dylib
0x00000000050a4000 	/System/Library/PrivateFrameworks/FaceCore.framework/Versions/A/FaceCore
0x00000000050a4000 	/System/Library/Frameworks/OpenCL.framework/Versions/A/OpenCL
0x00000000050a4000 	/usr/lib/libcompression.dylib
0x00000000050a4000 	/System/Library/Frameworks/ApplicationServices.framework/Versions/A/Frameworks/ATS.framework/Versions/A/Resources/libFontParser.dylib
0x00000000050a4000 	/System/Library/Frameworks/ApplicationServices.framework/Versions/A/Frameworks/ATS.framework/Versions/A/Resources/libFontRegistry.dylib
0x00000000050a4000 	/System/Library/Frameworks/ImageIO.framework/Versions/A/Resources/libJPEG.dylib
0x00000000050a4000 	/System/Library/Frameworks/ImageIO.framework/Versions/A/Resources/libTIFF.dylib
0x00000000050a4000 	/System/Library/Frameworks/ImageIO.framework/Versions/A/Resources/libPng.dylib
0x00000000050a4000 	/System/Library/Frameworks/ImageIO.framework/Versions/A/Resources/libGIF.dylib
0x00000000050a4000 	/System/Library/Frameworks/ImageIO.framework/Versions/A/Resources/libJP2.dylib
0x00000000050a4000 	/System/Library/Frameworks/ImageIO.framework/Versions/A/Resources/libRadiance.dylib
0x00000000050a4000 	/System/Library/PrivateFrameworks/AppleJPEG.framework/Versions/A/AppleJPEG
0x00000000050a4000 	/System/Library/PrivateFrameworks/MetalTools.framework/Versions/A/MetalTools
0x00000000050a4000 	/System/Library/Frameworks/MetalPerformanceShaders.framework/Frameworks/MPSCore.framework/Versions/A/MPSCore
0x00000000050a4000 	/System/Library/Frameworks/MetalPerformanceShaders.framework/Frameworks/MPSImage.framework/Versions/A/MPSImage
0x00000000050a4000 	/System/Library/Frameworks/MetalPerformanceShaders.framework/Frameworks/MPSMatrix.framework/Versions/A/MPSMatrix
0x00000000050a4000 	/System/Library/Frameworks/MetalPerformanceShaders.framework/Frameworks/MPSNeuralNetwork.framework/Versions/A/MPSNeuralNetwork
0x00000000050a4000 	/System/Library/Frameworks/OpenGL.framework/Versions/A/Libraries/libGLU.dylib
0x00000000050a4000 	/System/Library/Frameworks/OpenGL.framework/Versions/A/Libraries/libGFXShared.dylib
0x00000000050a4000 	/System/Library/Frameworks/OpenGL.framework/Versions/A/Libraries/libGL.dylib
0x00000000050a4000 	/System/Library/Frameworks/OpenGL.framework/Versions/A/Libraries/libGLImage.dylib
0x00000000050a4000 	/System/Library/Frameworks/OpenGL.framework/Versions/A/Libraries/libCVMSPluginSupport.dylib
0x00000000050a4000 	/System/Library/Frameworks/OpenGL.framework/Versions/A/Libraries/libCoreVMClient.dylib
0x00000000050a4000 	/usr/lib/libcups.2.dylib
0x00000000050a4000 	/System/Library/Frameworks/Kerberos.framework/Versions/A/Kerberos
0x00000000050a4000 	/System/Library/Frameworks/GSS.framework/Versions/A/GSS
0x00000000050a4000 	/usr/lib/libresolv.9.dylib
0x00000000050a4000 	/usr/lib/libiconv.2.dylib
0x00000000050a4000 	/System/Library/PrivateFrameworks/Heimdal.framework/Versions/A/Heimdal
0x00000000050a4000 	/usr/lib/libheimdal-asn1.dylib
0x00000000050a4000 	/System/Library/Frameworks/OpenDirectory.framework/Versions/A/OpenDirectory
0x00000000050a4000 	/System/Library/PrivateFrameworks/CommonAuth.framework/Versions/A/CommonAuth
0x00000000050a4000 	/System/Library/Frameworks/OpenDirectory.framework/Versions/A/Frameworks/CFOpenDirectory.framework/Versions/A/CFOpenDirectory
0x00000000050a4000 	/System/Library/Frameworks/SecurityFoundation.framework/Versions/A/SecurityFoundation
0x00000000050a4000 	/System/Library/PrivateFrameworks/APFS.framework/Versions/A/APFS
0x00000000050a4000 	/usr/lib/libutil.dylib
0x00000000050a4000 	/System/Library/PrivateFrameworks/AppleSauce.framework/Versions/A/AppleSauce
0x00000000050a4000 	/System/Library/PrivateFrameworks/LinguisticData.framework/Versions/A/LinguisticData
0x00000000050a4000 	/usr/lib/libmarisa.dylib
0x00000000050a4000 	/System/Library/PrivateFrameworks/Lexicon.framework/Versions/A/Lexicon
0x00000000050a4000 	/usr/lib/libChineseTokenizer.dylib
0x00000000050a4000 	/usr/lib/libcmph.dylib
0x00000000050a4000 	/System/Library/PrivateFrameworks/LanguageModeling.framework/Versions/A/LanguageModeling
0x00000000050a4000 	/System/Library/PrivateFrameworks/CoreEmoji.framework/Versions/A/CoreEmoji
0x00000000050a4000 	/System/Library/Frameworks/ServiceManagement.framework/Versions/A/ServiceManagement
0x00000000050a4000 	/System/Library/PrivateFrameworks/BackgroundTaskManagement.framework/Versions/A/BackgroundTaskManagement
0x00000000050a4000 	/usr/lib/libxslt.1.dylib
0x00000000050a4000 	/System/Library/Frameworks/Carbon.framework/Versions/A/Frameworks/Ink.framework/Versions/A/Ink
0x00000000050a4000 	/System/Library/PrivateFrameworks/TextureIO.framework/Versions/A/TextureIO
0x00000000050a4000 	/usr/lib/libate.dylib
0x00000000050a4000 	/System/Library/PrivateFrameworks/CrashReporterSupport.framework/Versions/A/CrashReporterSupport
0x00000000050a4000 	/System/Library/PrivateFrameworks/Sharing.framework/Versions/A/Sharing
0x00000000050a4000 	/System/Library/PrivateFrameworks/IconServices.framework/Versions/A/IconServices
0x00000000050a4000 	/System/Library/PrivateFrameworks/ProtocolBuffer.framework/Versions/A/ProtocolBuffer
0x00000000050a4000 	/System/Library/PrivateFrameworks/Apple80211.framework/Versions/A/Apple80211
0x00000000050a4000 	/System/Library/Frameworks/CoreWLAN.framework/Versions/A/CoreWLAN
0x00000000050a4000 	/System/Library/PrivateFrameworks/CoreUtils.framework/Versions/A/CoreUtils
0x00000000050a4000 	/System/Library/Frameworks/IOBluetooth.framework/Versions/A/IOBluetooth
0x00000000050a4000 	/System/Library/PrivateFrameworks/CoreWiFi.framework/Versions/A/CoreWiFi
0x00000000050a4000 	/System/Library/Frameworks/CoreBluetooth.framework/Versions/A/CoreBluetooth
0x00000000050a4000 	/System/Library/PrivateFrameworks/SignpostNotification.framework/Versions/A/SignpostNotification
0x00000000050a4000 	/System/Library/PrivateFrameworks/DebugSymbols.framework/Versions/A/DebugSymbols
0x00000000050a4000 	/System/Library/PrivateFrameworks/CoreSymbolication.framework/Versions/A/CoreSymbolication
0x00000000050a4000 	/System/Library/PrivateFrameworks/Symbolication.framework/Versions/A/Symbolication
0x00000000050a4000 	/System/Library/PrivateFrameworks/AppleFSCompression.framework/Versions/A/AppleFSCompression
0x00000000050a4000 	/System/Library/PrivateFrameworks/SpeechRecognitionCore.framework/Versions/A/SpeechRecognitionCore
0x0000000103400000 	/Library/Java/JavaVirtualMachines/jdk1.8.0_162.jdk/Contents/Home/jre/lib/server/libjvm.dylib
0x00000000050a4000 	/usr/lib/libstdc++.6.0.9.dylib
0x000000010238b000 	/Library/Java/JavaVirtualMachines/jdk1.8.0_162.jdk/Contents/Home/jre/lib/libverify.dylib
0x0000000102399000 	/Library/Java/JavaVirtualMachines/jdk1.8.0_162.jdk/Contents/Home/jre/lib/libjava.dylib
0x00000001023d9000 	/Library/Java/JavaVirtualMachines/jdk1.8.0_162.jdk/Contents/Home/jre/lib/libzip.dylib
0x00000001210d1000 	/Library/Java/JavaVirtualMachines/jdk1.8.0_162.jdk/Contents/Home/jre/lib/libawt.dylib
0x000000012117b000 	/Library/Java/JavaVirtualMachines/jdk1.8.0_162.jdk/Contents/Home/jre/lib/./libmlib_image.dylib
0x00000000050a4000 	/System/Library/Frameworks/JavaVM.framework/Versions/A/Frameworks/JavaNativeFoundation.framework/Versions/A/JavaNativeFoundation
0x00000000050a4000 	/System/Library/Frameworks/JavaVM.framework/Versions/A/Frameworks/JavaRuntimeSupport.framework/Versions/A/JavaRuntimeSupport
0x00000000050a4000 	/System/Library/Frameworks/JavaVM.framework/Versions/A/JavaVM
0x00000000050a4000 	/System/Library/PrivateFrameworks/JavaLaunching.framework/Versions/A/JavaLaunching
0x00000000050a4000 	/System/Library/Frameworks/Carbon.framework/Versions/A/Carbon
0x00000000050a4000 	/System/Library/Frameworks/Carbon.framework/Versions/A/Frameworks/CommonPanels.framework/Versions/A/CommonPanels
0x00000000050a4000 	/System/Library/Frameworks/Carbon.framework/Versions/A/Frameworks/Help.framework/Versions/A/Help
0x00000000050a4000 	/System/Library/Frameworks/Carbon.framework/Versions/A/Frameworks/ImageCapture.framework/Versions/A/ImageCapture
0x00000000050a4000 	/System/Library/Frameworks/Carbon.framework/Versions/A/Frameworks/OpenScripting.framework/Versions/A/OpenScripting
0x00000000050a4000 	/System/Library/Frameworks/Carbon.framework/Versions/A/Frameworks/Print.framework/Versions/A/Print
0x00000000050a4000 	/System/Library/Frameworks/Carbon.framework/Versions/A/Frameworks/SecurityHI.framework/Versions/A/SecurityHI
0x0000000121247000 	/Library/Java/JavaVirtualMachines/jdk1.8.0_162.jdk/Contents/Home/jre/lib/libawt_lwawt.dylib
0x0000000121301000 	/Library/Java/JavaVirtualMachines/jdk1.8.0_162.jdk/Contents/Home/jre/lib/./libosxapp.dylib
0x00000000050a4000 	/System/Library/Frameworks/ExceptionHandling.framework/Versions/A/ExceptionHandling
0x00000000050a4000 	/System/Library/PrivateFrameworks/CoreServicesInternal.framework/Versions/A/CoreServicesInternal
0x00000000050a4000 	/System/Library/CoreServices/RawCamera.bundle/Contents/MacOS/RawCamera
0x00000000050a4000 	/System/Library/PrivateFrameworks/MobileAsset.framework/Versions/A/MobileAsset
0x00000000050a4000 	/System/Library/PrivateFrameworks/StreamingZip.framework/Versions/A/StreamingZip
0x00000000050a4000 	/System/Library/Frameworks/MediaToolbox.framework/Versions/A/MediaToolbox
0x00000000050a4000 	/System/Library/PrivateFrameworks/CoreAVCHD.framework/Versions/A/CoreAVCHD
0x00000000050a4000 	/System/Library/Frameworks/MediaAccessibility.framework/Versions/A/MediaAccessibility
0x00000000050a4000 	/System/Library/PrivateFrameworks/Mangrove.framework/Versions/A/Mangrove
0x00000000050a4000 	/System/Library/Frameworks/CoreMedia.framework/Versions/A/CoreMedia
0x00000000050a4000 	/System/Library/Frameworks/VideoToolbox.framework/Versions/A/VideoToolbox
0x00000000050a4000 	/System/Library/PrivateFrameworks/CoreAUC.framework/Versions/A/CoreAUC
0x00000000050a4000 	/usr/lib/libspindump.dylib
0x00000000050a4000 	/usr/lib/libdscsym.dylib
0x00000000050a4000 	/System/Library/PrivateFrameworks/AppleVA.framework/Versions/A/AppleVA
0x00000000050a4000 	/System/Library/Frameworks/Accelerate.framework/Versions/A/Frameworks/vImage.framework/Versions/A/Libraries/libCGInterfaces.dylib
0x00000000050a4000 	/System/Library/Frameworks/ApplicationServices.framework/Versions/A/Frameworks/ATS.framework/Versions/A/Resources/libTrueTypeScaler.dylib
0x00000000050a4000 	/System/Library/Frameworks/OpenGL.framework/Versions/A/Resources/GLEngine.bundle/GLEngine
0x00000000050a4000 	/System/Library/Frameworks/OpenGL.framework/Versions/A/Libraries/libGLProgrammability.dylib
0x0000000123acf000 	/System/Library/Extensions/AppleIntelSKLGraphicsGLDriver.bundle/Contents/MacOS/AppleIntelSKLGraphicsGLDriver
0x00000000050a4000 	/System/Library/PrivateFrameworks/GPUSupport.framework/Versions/A/Libraries/libGPUSupportMercury.dylib
0x0000000124afe000 	/System/Library/Extensions/AMDRadeonX4000GLDriver.bundle/Contents/MacOS/AMDRadeonX4000GLDriver
0x00000000050a4000 	/System/Library/Extensions/AMDRadeonX4000GLDriver.bundle/Contents/MacOS/ATIRadeonX4000SCLib.dylib
0x00000000050a4000 	/System/Library/Frameworks/OpenGL.framework/Versions/A/Resources/GLRendererFloat.bundle/GLRendererFloat
0x00000000050a4000 	/System/Library/Frameworks/OpenCL.framework/Versions/A/Libraries/libcldcpuengine.dylib
0x00000000050a4000 	/usr/lib/libcrypto.35.dylib
0x00000000050a4000 	/System/Library/PrivateFrameworks/TrustEvaluationAgent.framework/Versions/A/TrustEvaluationAgent
0x00000000050a4000 	/System/Library/Extensions/AppleIntelSKLGraphicsMTLDriver.bundle/Contents/MacOS/AppleIntelSKLGraphicsMTLDriver
0x0000000124c33000 	/System/Library/Extensions/AMDMTLBronzeDriver.bundle/Contents/MacOS/AMDMTLBronzeDriver
0x00000000050a4000 	/System/Library/PrivateFrameworks/IOAccelMemoryInfo.framework/Versions/A/IOAccelMemoryInfo
0x00000000050a4000 	/System/Library/PrivateFrameworks/GPUCompiler.framework/Versions/3802/Libraries/libmetal_timestamp.dylib
0x00000000050a4000 	/System/Library/PrivateFrameworks/FamilyControls.framework/Versions/A/FamilyControls
0x00000000050a4000 	/System/Library/PrivateFrameworks/CommerceKit.framework/Versions/A/Frameworks/CommerceCore.framework/Versions/A/CommerceCore
0x00000000050a4000 	/System/Library/PrivateFrameworks/SystemAdministration.framework/Versions/A/SystemAdministration
0x00000000050a4000 	/System/Library/PrivateFrameworks/AppContainer.framework/Versions/A/AppContainer
0x00000000050a4000 	/System/Library/PrivateFrameworks/SecCodeWrapper.framework/Versions/A/SecCodeWrapper
0x00000000050a4000 	/System/Library/PrivateFrameworks/DiskManagement.framework/Versions/A/DiskManagement
0x00000000050a4000 	/System/Library/Frameworks/DirectoryService.framework/Versions/A/DirectoryService
0x00000000050a4000 	/System/Library/PrivateFrameworks/DiskImages.framework/Versions/A/DiskImages
0x00000000050a4000 	/System/Library/PrivateFrameworks/LoginUIKit.framework/Versions/A/Frameworks/LoginUICore.framework/Versions/A/LoginUICore
0x00000000050a4000 	/usr/lib/libCoreStorage.dylib
0x00000000050a4000 	/usr/lib/libcsfde.dylib
0x00000000050a4000 	/usr/lib/libodfde.dylib
0x00000000050a4000 	/System/Library/PrivateFrameworks/MediaKit.framework/Versions/A/MediaKit
0x00000000050a4000 	/System/Library/Frameworks/DiscRecording.framework/Versions/A/DiscRecording
0x00000000050a4000 	/System/Library/PrivateFrameworks/EFILogin.framework/Versions/A/EFILogin
0x00000000050a4000 	/System/Library/PrivateFrameworks/ProtectedCloudStorage.framework/Versions/A/ProtectedCloudStorage
0x00000000050a4000 	/usr/lib/libcurl.4.dylib
0x00000000050a4000 	/usr/lib/libssl.35.dylib
0x00000000050a4000 	/System/Library/Frameworks/LDAP.framework/Versions/A/LDAP
0x00000000050a4000 	/usr/lib/libsasl2.2.dylib
0x00000000050a4000 	/System/Library/PrivateFrameworks/CoreDaemon.framework/Versions/B/CoreDaemon
0x00000000050a4000 	/System/Library/PrivateFrameworks/AppleSRP.framework/Versions/A/AppleSRP
0x00000001267e3000 	/Library/Java/JavaVirtualMachines/jdk1.8.0_162.jdk/Contents/Home/jre/lib/libnet.dylib
0x0000000126842000 	/Library/Java/JavaVirtualMachines/jdk1.8.0_162.jdk/Contents/Home/jre/lib/libnio.dylib
0x0000000126852000 	/private/var/folders/hf/8vvv0krx7msc_066fq8s54vw0000gn/T/jogamp_0000/file_cache/jln8767629878477244768/jln5632988762374045562/natives/macosx-universal/libgluegen-rt.jnilib
0x0000000126856000 	/Library/Java/JavaVirtualMachines/jdk1.8.0_162.jdk/Contents/Home/jre/lib/libfontmanager.dylib
0x00000001268bd000 	/private/var/folders/hf/8vvv0krx7msc_066fq8s54vw0000gn/T/jogamp_0000/file_cache/jln8767629878477244768/jln5632988762374045562/natives/macosx-universal/libnativewindow_awt.jnilib
0x00000001268c0000 	/Library/Java/JavaVirtualMachines/jdk1.8.0_162.jdk/Contents/Home/jre/lib/libjawt.dylib
0x0000000126b97000 	/private/var/folders/hf/8vvv0krx7msc_066fq8s54vw0000gn/T/jogamp_0000/file_cache/jln8767629878477244768/jln5632988762374045562/natives/macosx-universal/libnativewindow_macosx.jnilib
0x00000000050a4000 	/System/Library/PrivateFrameworks/ViewBridge.framework/Versions/A/ViewBridge
0x0000000126e6c000 	/private/var/folders/hf/8vvv0krx7msc_066fq8s54vw0000gn/T/jogamp_0000/file_cache/jln8767629878477244768/jln5632988762374045562/natives/macosx-universal/libjogl_desktop.jnilib
0x0000000126f40000 	/private/var/folders/hf/8vvv0krx7msc_066fq8s54vw0000gn/T/jogamp_0000/file_cache/jln8767629878477244768/jln5632988762374045562/natives/macosx-universal/libjogl_mobile.jnilib
0x0000000127759000 	/Library/Java/JavaVirtualMachines/jdk1.8.0_162.jdk/Contents/Home/jre/lib/libosxui.dylib

VM Arguments:
jvm_args: -Dfile.encoding=UTF-8 
java_command: RootElement.Main
java_class_path (initial): /Users/aptpc/workspace-papyrus/org.eclipse.papyrus.javagen.RootElement/bin:/Users/aptpc/workspace-papyrus/org.eclipse.papyrus.javagen.RootElement/lib/j3dcore.jar:/Users/aptpc/workspace-papyrus/org.eclipse.papyrus.javagen.RootElement/lib/j3dutils.jar:/Users/aptpc/workspace-papyrus/org.eclipse.papyrus.javagen.RootElement/lib/jogamp-fat.jar:/Users/aptpc/workspace-papyrus/org.eclipse.papyrus.javagen.RootElement/lib/jogamp-fat-test.jar:/Users/aptpc/workspace-papyrus/org.eclipse.papyrus.javagen.RootElement/lib/jogl-all.jar:/Users/aptpc/workspace-papyrus/org.eclipse.papyrus.javagen.RootElement/lib/simbad-1.4.jar:/Users/aptpc/workspace-papyrus/org.eclipse.papyrus.javagen.RootElement/lib/vecmath.jar
Launcher Type: SUN_STANDARD

Environment Variables:
PATH=/usr/bin:/bin:/usr/sbin:/sbin
SHELL=/bin/bash

Signal Handlers:
SIGSEGV: [libjvm.dylib+0x5b52b5], sa_mask[0]=11111111011111110111111111111111, sa_flags=SA_ONSTACK|SA_RESTART|SA_SIGINFO
SIGBUS: [libjvm.dylib+0x5b52b5], sa_mask[0]=11111111011111110111111111111111, sa_flags=SA_RESTART|SA_SIGINFO
SIGFPE: [libjvm.dylib+0x48ac5c], sa_mask[0]=11111111011111110111111111111111, sa_flags=SA_RESTART|SA_SIGINFO
SIGPIPE: [libjvm.dylib+0x48ac5c], sa_mask[0]=11111111011111110111111111111111, sa_flags=SA_RESTART|SA_SIGINFO
SIGXFSZ: [libjvm.dylib+0x48ac5c], sa_mask[0]=11111111011111110111111111111111, sa_flags=SA_RESTART|SA_SIGINFO
SIGILL: [libjvm.dylib+0x48ac5c], sa_mask[0]=11111111011111110111111111111111, sa_flags=SA_RESTART|SA_SIGINFO
SIGUSR1: SIG_DFL, sa_mask[0]=00000000000000000000000000000000, sa_flags=none
SIGUSR2: [libjvm.dylib+0x48a77a], sa_mask[0]=00100000000000000000000000000000, sa_flags=SA_RESTART|SA_SIGINFO
SIGHUP: [libjvm.dylib+0x488d45], sa_mask[0]=11111111011111110111111111111111, sa_flags=SA_RESTART|SA_SIGINFO
SIGINT: [libjvm.dylib+0x488d45], sa_mask[0]=11111111011111110111111111111111, sa_flags=SA_RESTART|SA_SIGINFO
SIGTERM: [libjvm.dylib+0x488d45], sa_mask[0]=11111111011111110111111111111111, sa_flags=SA_RESTART|SA_SIGINFO
SIGQUIT: [libjvm.dylib+0x488d45], sa_mask[0]=11111111011111110111111111111111, sa_flags=SA_RESTART|SA_SIGINFO


---------------  S Y S T E M  ---------------

OS:Bsduname:Darwin 17.4.0 Darwin Kernel Version 17.4.0: Sun Dec 17 09:19:54 PST 2017; root:xnu-4570.41.2~1/RELEASE_X86_64 x86_64
rlimit: STACK 8192k, CORE 0k, NPROC 1418, NOFILE 10240, AS infinity
load average:1.25 1.49 1.61

CPU:total 8 (initial active 8) (4 cores per cpu, 2 threads per core) family 6 model 94 stepping 3, cmov, cx8, fxsr, mmx, sse, sse2, sse3, ssse3, sse4.1, sse4.2, popcnt, avx, avx2, aes, clmul, erms, rtm, 3dnowpref, lzcnt, ht, tsc, tscinvbit, bmi1, bmi2, adx

Memory: 4k page, physical 16777216k(1215564k free)

/proc/meminfo:


vm_info: Java HotSpot(TM) 64-Bit Server VM (25.162-b12) for bsd-amd64 JRE (1.8.0_162-b12), built on Dec 19 2017 17:33:35 by "java_re" with gcc 4.2.1 (Based on Apple Inc. build 5658) (LLVM build 2336.11.00)

time: Fri Mar 16 15:19:02 2018
elapsed time: 7 seconds (0d 0h 0m 7s)

