#
# A fatal error has been detected by the Java Runtime Environment:
#
#  SIGILL (0x4) at pc=0x00007fffce49244e, pid=1903, tid=0x0000000000000307
#
# JRE version: Java(TM) SE Runtime Environment (8.0_162-b12) (build 1.8.0_162-b12)
# Java VM: Java HotSpot(TM) 64-Bit Server VM (25.162-b12 mixed mode bsd-amd64 compressed oops)
# Problematic frame:
# C  [AppKit+0x3a544e]  -[NSApplication _crashOnException:]+0x6d
#
# Failed to write core dump. Core dumps have been disabled. To enable core dumping, try "ulimit -c unlimited" before starting Java again
#
# If you would like to submit a bug report, please visit:
#   http://bugreport.java.com/bugreport/crash.jsp
# The crash happened outside the Java Virtual Machine in native code.
# See problematic frame for where to report the bug.
#

---------------  T H R E A D  ---------------

Current thread (0x00007f9948917800):  JavaThread "AWT-AppKit" daemon [_thread_in_native, id=775, stack(0x00007fff4fe92000,0x00007fff50692000)]

siginfo: si_signo: 4 (SIGILL), si_code: 1 (ILL_ILLOPC), si_addr: 0x00007fffce49244e

Registers:
RAX=0x00007f9948f38600, RBX=0x00007f994d202030, RCX=0x0000000000000001, RDX=0x0000000000000000
RSP=0x00007fff5068dc40, RBP=0x00007fff5068dc50, RSI=0x0000000000001003, RDI=0x00007f99486b1650
R8 =0x0000000008000100, R9 =0x0000000000000000, R10=0x00007fffebaa8190, R11=0x00000000000019ff
R12=0x00007fffced5d00c, R13=0xc8331ff71f710027, R14=0x00007fffe5917000, R15=0x00007f994d65f370
RIP=0x00007fffce49244e, EFLAGS=0x0000000000010206, ERR=0x0000000000000000
  TRAPNO=0x0000000000000006

Top of Stack: (sp=0x00007fff5068dc40)
0x00007fff5068dc40:   00007f994d231318 00007f9949156090
0x00007fff5068dc50:   00007fff5068dd30 00007fffce565a32
0x00007fff5068dc60:   0000000000000000 0000000000000000
0x00007fff5068dc70:   00007fff5068dc90 00007fffe638991f
0x00007fff5068dc80:   0000000000000000 0000000000000002
0x00007fff5068dc90:   000000010f58a000 0000000000000002
0x00007fff5068dca0:   000000010f58da00 000000010f58da00
0x00007fff5068dcb0:   00007fff5068dd90 00007fffe6388472
0x00007fff5068dcc0:   0000000000000000 0000000000000000
0x00007fff5068dcd0:   0000000000000908 0000000000000978
0x00007fff5068dce0:   00007fff5068dd70 00007fffe639f4de
0x00007fff5068dcf0:   000040005068dd70 00007f994d587360
0x00007fff5068dd00:   c8331ff71f710027 00007f994d65f370
0x00007fff5068dd10:   0000000000000001 00007f994840dd8a
0x00007fff5068dd20:   00007f994d65f380 00007fff5068dd50
0x00007fff5068dd30:   00007fff5068dd40 00007fffd065ade7
0x00007fff5068dd40:   00007fff5068dde0 00007fffd065ad57
0x00007fff5068dd50:   00007f994d65f370 ff80000000001000
0x00007fff5068dd60:   00007fffebab4644 0000000000000001
0x00007fff5068dd70:   00007fff5068dde0 00007fffd065ac26
0x00007fff5068dd80:   00007fff5068dd50 00007fff5068dd80
0x00007fff5068dd90:   00007f994840dde0 00007f994840dea0
0x00007fff5068dda0:   00007fff5068dd50 0000000000000002
0x00007fff5068ddb0:   c8331ff71f710027 0000000000000001
0x00007fff5068ddc0:   00007f994840ddd0 00007f994840de90
0x00007fff5068ddd0:   0000000000000d03 00007f994840dd01
0x00007fff5068dde0:   00007fff5068ead0 00007fffd063bb09
0x00007fff5068ddf0:   00007fffeb1f1b20 00007fff5068e460
0x00007fff5068de00:   00007fffebaaada0 00007f994d12af20
0x00007fff5068de10:   0000000000000000 00007f994d12af30
0x00007fff5068de20:   4840dd015068de40 0000000000000000
0x00007fff5068de30:   000000014840de90 00007fffced5205a 

Instructions: (pc=0x00007fffce49244e)
0x00007fffce49242e:   48 89 c7 ff 15 21 fd d1 1c 48 8b 35 9a 2a ff 1c
0x00007fffce49243e:   48 89 c7 ff 15 11 fd d1 1c 48 89 05 72 23 06 1d
0x00007fffce49244e:   0f 0b 48 89 c7 e8 2e f8 7f 00 31 ff 31 f6 31 c0
0x00007fffce49245e:   e8 18 c5 e2 ff e8 42 f8 7f 00 48 89 c3 e8 2e f8 

Register to memory mapping:

RAX=0x00007f9948f38600 is an unknown value
RBX=0x00007f994d202030 is an unknown value
RCX=0x0000000000000001 is an unknown value
RDX=0x0000000000000000 is an unknown value
RSP=0x00007fff5068dc40 is pointing into the stack for thread: 0x00007f9948917800
RBP=0x00007fff5068dc50 is pointing into the stack for thread: 0x00007f9948917800
RSI=0x0000000000001003 is an unknown value
RDI=0x00007f99486b1650 is an unknown value
R8 =0x0000000008000100 is an unknown value
R9 =0x0000000000000000 is an unknown value
R10=0x00007fffebaa8190: OBJC_CLASS_$___NSCFString+0 in /System/Library/Frameworks/CoreFoundation.framework/Versions/A/CoreFoundation at 0x00007fffd05b7000
R11=0x00000000000019ff is an unknown value
R12=0x00007fffced5d00c: __NSStyleNameIndexTable+0x82c54 in /System/Library/Frameworks/AppKit.framework/Versions/C/AppKit at 0x00007fffce0ed000
R13=0xc8331ff71f710027 is an unknown value
R14=0x00007fffe5917000: objc_msgSend+0 in /usr/lib/libobjc.A.dylib at 0x00007fffe5910000
R15=0x00007f994d65f370 is an unknown value


Stack: [0x00007fff4fe92000,0x00007fff50692000],  sp=0x00007fff5068dc40,  free space=8175k
Native frames: (J=compiled Java code, j=interpreted, Vv=VM code, C=native code)
C  [AppKit+0x3a544e]  -[NSApplication _crashOnException:]+0x6d
C  [AppKit+0x478a32]  __37+[NSDisplayCycle currentDisplayCycle]_block_invoke.31+0x2c4
C  [CoreFoundation+0xa3de7]  __CFRUNLOOP_IS_CALLING_OUT_TO_AN_OBSERVER_CALLBACK_FUNCTION__+0x17
C  [CoreFoundation+0xa3d57]  __CFRunLoopDoObservers+0x187
C  [CoreFoundation+0x84b09]  __CFRunLoopRun+0x369
C  [CoreFoundation+0x84544]  CFRunLoopRunSpecific+0x1a4
C  [HIToolbox+0x30ebc]  RunCurrentEventLoopInMode+0xf0
C  [HIToolbox+0x30cf1]  ReceiveNextEventCommon+0x1b0
C  [HIToolbox+0x30b26]  _BlockUntilNextEventMatchingListInModeWithFilter+0x47
C  [AppKit+0x46a54]  _DPSNextEvent+0x460
C  [AppKit+0x7c27ee]  -[NSApplication(NSEvent) _nextEventMatchingEventMask:untilDate:inMode:dequeue:]+0xaec
C  [libosxapp.dylib+0x2328]  -[NSApplicationAWT nextEventMatchingMask:untilDate:inMode:dequeue:]+0x7c
C  [AppKit+0x3b3db]  -[NSApplication run]+0x39e
C  [libosxapp.dylib+0x1f72]  +[NSApplicationAWT runAWTLoopWithApp:]+0x9c
C  [libawt_lwawt.dylib+0x4711f]  -[AWTStarter starter:]+0x389
C  [Foundation+0x7152a]  __NSThreadPerformPerform+0x146
C  [CoreFoundation+0xa43e1]  __CFRUNLOOP_IS_CALLING_OUT_TO_A_SOURCE0_PERFORM_FUNCTION__+0x11
C  [CoreFoundation+0x8565c]  __CFRunLoopDoSources0+0x22c
C  [CoreFoundation+0x84b46]  __CFRunLoopRun+0x3a6
C  [CoreFoundation+0x84544]  CFRunLoopRunSpecific+0x1a4
C  [java+0x6472]  CreateExecutionEnvironment+0x367
C  [java+0x207c]  JLI_Launch+0x7a0
C  [java+0x84cf]  main+0x65
C  [java+0x18d4]  start+0x34
C  0x0000000000000005


---------------  P R O C E S S  ---------------

Java Threads: ( => current thread )
  0x00007f994f386000 JavaThread "J3D-MasterControl-2" [_thread_blocked, id=75527, stack(0x0000700009b43000,0x0000700009c43000)]
  0x00007f994f011000 JavaThread "J3D-NotificationThread" [_thread_blocked, id=76039, stack(0x0000700009a40000,0x0000700009b40000)]
  0x00007f9949098800 JavaThread "J3D-TimerThread" [_thread_blocked, id=65803, stack(0x00007000094b1000,0x00007000095b1000)]
  0x00007f9948df3000 JavaThread "J3D-RenderingAttributesStructureUpdateThread" [_thread_blocked, id=78603, stack(0x00007000093ae000,0x00007000094ae000)]
  0x00007f994a090000 JavaThread "TimerQueue" daemon [_thread_blocked, id=79627, stack(0x000070000a35b000,0x000070000a45b000)]
  0x00007f994e801000 JavaThread "DestroyJavaVM" [_thread_blocked, id=7171, stack(0x0000700007ee9000,0x0000700007fe9000)]
  0x00007f9948a63000 JavaThread "Thread-4" [_thread_blocked, id=30259, stack(0x000070000993d000,0x0000700009a3d000)]
  0x00007f9948af6800 JavaThread "Thread-3" [_thread_blocked, id=71691, stack(0x000070000983a000,0x000070000993a000)]
  0x00007f9948c0e800 JavaThread "AWT-EventQueue-0" [_thread_blocked, id=62011, stack(0x0000700009122000,0x0000700009222000)]
  0x00007f994a1d3000 JavaThread "AWT-Shutdown" [_thread_blocked, id=61315, stack(0x0000700008d96000,0x0000700008e96000)]
  0x00007f9948b91800 JavaThread "J3D-Renderer-1" [_thread_blocked, id=67075, stack(0x0000700009631000,0x0000700009731000)]
  0x00007f994a144800 JavaThread "Java2D Disposer" daemon [_thread_blocked, id=61455, stack(0x000070000901f000,0x000070000911f000)]
  0x00007f994896b000 JavaThread "Java2D Queue Flusher" daemon [_thread_blocked, id=58163, stack(0x0000700008f1c000,0x000070000901c000)]
=>0x00007f9948917800 JavaThread "AWT-AppKit" daemon [_thread_in_native, id=775, stack(0x00007fff4fe92000,0x00007fff50692000)]
  0x00007f9949805800 JavaThread "Service Thread" daemon [_thread_blocked, id=18691, stack(0x0000700008b0d000,0x0000700008c0d000)]
  0x00007f9948843000 JavaThread "C1 CompilerThread2" daemon [_thread_blocked, id=18179, stack(0x0000700008a0a000,0x0000700008b0a000)]
  0x00007f9948842800 JavaThread "C2 CompilerThread1" daemon [_thread_blocked, id=17667, stack(0x0000700008907000,0x0000700008a07000)]
  0x00007f9948841000 JavaThread "C2 CompilerThread0" daemon [_thread_blocked, id=17155, stack(0x0000700008804000,0x0000700008904000)]
  0x00007f994883e000 JavaThread "Signal Dispatcher" daemon [_thread_blocked, id=16643, stack(0x0000700008701000,0x0000700008801000)]
  0x00007f9948835000 JavaThread "Finalizer" daemon [_thread_blocked, id=12547, stack(0x00007000085fe000,0x00007000086fe000)]
  0x00007f9948832800 JavaThread "Reference Handler" daemon [_thread_blocked, id=12035, stack(0x00007000084fb000,0x00007000085fb000)]

Other Threads:
  0x00007f9949803000 VMThread [stack: 0x00007000083f8000,0x00007000084f8000] [id=11523]
  0x00007f9949803800 WatcherThread [stack: 0x0000700008c10000,0x0000700008d10000] [id=19203]

VM state:not at safepoint (normal execution)

VM Mutex/Monitor currently owned by a thread: None

Heap:
 PSYoungGen      total 36352K, used 16061K [0x0000000795580000, 0x0000000798100000, 0x00000007c0000000)
  eden space 29184K, 53% used [0x0000000795580000,0x00000007964bf6d0,0x0000000797200000)
  from space 7168K, 6% used [0x0000000797a00000,0x0000000797a70000,0x0000000798100000)
  to   space 7680K, 0% used [0x0000000797200000,0x0000000797200000,0x0000000797980000)
 ParOldGen       total 39424K, used 8673K [0x0000000740000000, 0x0000000742680000, 0x0000000795580000)
  object space 39424K, 22% used [0x0000000740000000,0x0000000740878678,0x0000000742680000)
 Metaspace       used 23842K, capacity 24228K, committed 24448K, reserved 1071104K
  class space    used 2542K, capacity 2670K, committed 2688K, reserved 1048576K

Card table byte_map: [0x00000001111b5000,0x00000001115b6000] byte_map_base: 0x000000010d7b5000

Marking Bits: (ParMarkBitMap*) 0x00000001106f76c0
 Begin Bits: [0x0000000111861000, 0x0000000113861000)
 End Bits:   [0x0000000113861000, 0x0000000115861000)

Polling page: 0x000000010f5f9000

CodeCache: size=245760Kb used=9516Kb max_used=12571Kb free=236243Kb
 bounds [0x00000001166d6000, 0x0000000117336000, 0x00000001256d6000]
 total_blobs=3936 nmethods=2964 adapters=883
 compilation: enabled

Compilation events (10 events):
Event: 86.416 Thread 0x00007f9948843000 nmethod 3589 0x0000000117176a10 code [0x0000000117176b80, 0x0000000117176d50]
Event: 86.419 Thread 0x00007f9948843000 3590       3       java.util.regex.Pattern$GroupTail::match (111 bytes)
Event: 86.420 Thread 0x00007f9948843000 nmethod 3590 0x0000000116de5410 code [0x0000000116de55a0, 0x0000000116de5968]
Event: 86.420 Thread 0x00007f9948843000 3591       3       java.lang.Character::codePointAt (51 bytes)
Event: 86.421 Thread 0x00007f9948843000 nmethod 3591 0x0000000116f0b350 code [0x0000000116f0b500, 0x0000000116f0bba8]
Event: 86.421 Thread 0x00007f9948843000 3593       3       com.jogamp.opengl.GLContext::appendString (25 bytes)
Event: 86.421 Thread 0x00007f9948843000 nmethod 3593 0x000000011686ef10 code [0x000000011686f0a0, 0x000000011686f498]
Event: 86.421 Thread 0x00007f9948843000 3592       3       sun.reflect.ClassFileAssembler::setStack (25 bytes)
Event: 86.421 Thread 0x00007f9948843000 nmethod 3592 0x0000000117184f90 code [0x0000000117185100, 0x0000000117185290]
Event: 86.428 Thread 0x00007f9948841000 nmethod 3588 0x0000000116e865d0 code [0x0000000116e867e0, 0x0000000116e87390]

GC Heap History (10 events):
Event: 35.374 GC heap before
{Heap before GC invocations=6 (full 2):
 PSYoungGen      total 38400K, used 33280K [0x0000000795580000, 0x0000000798000000, 0x00000007c0000000)
  eden space 33280K, 100% used [0x0000000795580000,0x0000000797600000,0x0000000797600000)
  from space 5120K, 0% used [0x0000000797600000,0x0000000797600000,0x0000000797b00000)
  to   space 5120K, 0% used [0x0000000797b00000,0x0000000797b00000,0x0000000798000000)
 ParOldGen       total 39424K, used 8649K [0x0000000740000000, 0x0000000742680000, 0x0000000795580000)
  object space 39424K, 21% used [0x0000000740000000,0x0000000740872678,0x0000000742680000)
 Metaspace       used 23255K, capacity 23618K, committed 23808K, reserved 1071104K
  class space    used 2450K, capacity 2557K, committed 2560K, reserved 1048576K
Event: 35.375 GC heap after
Heap after GC invocations=6 (full 2):
 PSYoungGen      total 38400K, used 320K [0x0000000795580000, 0x0000000798000000, 0x00000007c0000000)
  eden space 33280K, 0% used [0x0000000795580000,0x0000000795580000,0x0000000797600000)
  from space 5120K, 6% used [0x0000000797b00000,0x0000000797b50000,0x0000000798000000)
  to   space 5120K, 0% used [0x0000000797600000,0x0000000797600000,0x0000000797b00000)
 ParOldGen       total 39424K, used 8657K [0x0000000740000000, 0x0000000742680000, 0x0000000795580000)
  object space 39424K, 21% used [0x0000000740000000,0x0000000740874678,0x0000000742680000)
 Metaspace       used 23255K, capacity 23618K, committed 23808K, reserved 1071104K
  class space    used 2450K, capacity 2557K, committed 2560K, reserved 1048576K
}
Event: 42.044 GC heap before
{Heap before GC invocations=7 (full 2):
 PSYoungGen      total 38400K, used 33600K [0x0000000795580000, 0x0000000798000000, 0x00000007c0000000)
  eden space 33280K, 100% used [0x0000000795580000,0x0000000797600000,0x0000000797600000)
  from space 5120K, 6% used [0x0000000797b00000,0x0000000797b50000,0x0000000798000000)
  to   space 5120K, 0% used [0x0000000797600000,0x0000000797600000,0x0000000797b00000)
 ParOldGen       total 39424K, used 8657K [0x0000000740000000, 0x0000000742680000, 0x0000000795580000)
  object space 39424K, 21% used [0x0000000740000000,0x0000000740874678,0x0000000742680000)
 Metaspace       used 23273K, capacity 23622K, committed 23808K, reserved 1071104K
  class space    used 2450K, capacity 2557K, committed 2560K, reserved 1048576K
Event: 42.046 GC heap after
Heap after GC invocations=7 (full 2):
 PSYoungGen      total 38400K, used 320K [0x0000000795580000, 0x0000000798000000, 0x00000007c0000000)
  eden space 33280K, 0% used [0x0000000795580000,0x0000000795580000,0x0000000797600000)
  from space 5120K, 6% used [0x0000000797600000,0x0000000797650000,0x0000000797b00000)
  to   space 5120K, 0% used [0x0000000797b00000,0x0000000797b00000,0x0000000798000000)
 ParOldGen       total 39424K, used 8665K [0x0000000740000000, 0x0000000742680000, 0x0000000795580000)
  object space 39424K, 21% used [0x0000000740000000,0x0000000740876678,0x0000000742680000)
 Metaspace       used 23273K, capacity 23622K, committed 23808K, reserved 1071104K
  class space    used 2450K, capacity 2557K, committed 2560K, reserved 1048576K
}
Event: 48.479 GC heap before
{Heap before GC invocations=8 (full 2):
 PSYoungGen      total 38400K, used 33600K [0x0000000795580000, 0x0000000798000000, 0x00000007c0000000)
  eden space 33280K, 100% used [0x0000000795580000,0x0000000797600000,0x0000000797600000)
  from space 5120K, 6% used [0x0000000797600000,0x0000000797650000,0x0000000797b00000)
  to   space 5120K, 0% used [0x0000000797b00000,0x0000000797b00000,0x0000000798000000)
 ParOldGen       total 39424K, used 8665K [0x0000000740000000, 0x0000000742680000, 0x0000000795580000)
  object space 39424K, 21% used [0x0000000740000000,0x0000000740876678,0x0000000742680000)
 Metaspace       used 23288K, capacity 23686K, committed 23808K, reserved 1071104K
  class space    used 2450K, capacity 2557K, committed 2560K, reserved 1048576K
Event: 48.481 GC heap after
Heap after GC invocations=8 (full 2):
 PSYoungGen      total 35328K, used 352K [0x0000000795580000, 0x0000000798580000, 0x00000007c0000000)
  eden space 30208K, 0% used [0x0000000795580000,0x0000000795580000,0x0000000797300000)
  from space 5120K, 6% used [0x0000000797b00000,0x0000000797b58000,0x0000000798000000)
  to   space 8192K, 0% used [0x0000000797300000,0x0000000797300000,0x0000000797b00000)
 ParOldGen       total 39424K, used 8673K [0x0000000740000000, 0x0000000742680000, 0x0000000795580000)
  object space 39424K, 22% used [0x0000000740000000,0x0000000740878678,0x0000000742680000)
 Metaspace       used 23288K, capacity 23686K, committed 23808K, reserved 1071104K
  class space    used 2450K, capacity 2557K, committed 2560K, reserved 1048576K
}
Event: 55.079 GC heap before
{Heap before GC invocations=9 (full 2):
 PSYoungGen      total 35328K, used 30560K [0x0000000795580000, 0x0000000798580000, 0x00000007c0000000)
  eden space 30208K, 100% used [0x0000000795580000,0x0000000797300000,0x0000000797300000)
  from space 5120K, 6% used [0x0000000797b00000,0x0000000797b58000,0x0000000798000000)
  to   space 8192K, 0% used [0x0000000797300000,0x0000000797300000,0x0000000797b00000)
 ParOldGen       total 39424K, used 8673K [0x0000000740000000, 0x0000000742680000, 0x0000000795580000)
  object space 39424K, 22% used [0x0000000740000000,0x0000000740878678,0x0000000742680000)
 Metaspace       used 23304K, capacity 23686K, committed 23808K, reserved 1071104K
  class space    used 2452K, capacity 2557K, committed 2560K, reserved 1048576K
Event: 55.081 GC heap after
Heap after GC invocations=9 (full 2):
 PSYoungGen      total 30208K, used 352K [0x0000000795580000, 0x0000000798180000, 0x00000007c0000000)
  eden space 29696K, 0% used [0x0000000795580000,0x0000000795580000,0x0000000797280000)
  from space 512K, 68% used [0x0000000797300000,0x0000000797358000,0x0000000797380000)
  to   space 7680K, 0% used [0x0000000797a00000,0x0000000797a00000,0x0000000798180000)
 ParOldGen       total 39424K, used 8673K [0x0000000740000000, 0x0000000742680000, 0x0000000795580000)
  object space 39424K, 22% used [0x0000000740000000,0x0000000740878678,0x0000000742680000)
 Metaspace       used 23304K, capacity 23686K, committed 23808K, reserved 1071104K
  class space    used 2452K, capacity 2557K, committed 2560K, reserved 1048576K
}
Event: 62.329 GC heap before
{Heap before GC invocations=10 (full 2):
 PSYoungGen      total 30208K, used 30048K [0x0000000795580000, 0x0000000798180000, 0x00000007c0000000)
  eden space 29696K, 100% used [0x0000000795580000,0x0000000797280000,0x0000000797280000)
  from space 512K, 68% used [0x0000000797300000,0x0000000797358000,0x0000000797380000)
  to   space 7680K, 0% used [0x0000000797a00000,0x0000000797a00000,0x0000000798180000)
 ParOldGen       total 39424K, used 8673K [0x0000000740000000, 0x0000000742680000, 0x0000000795580000)
  object space 39424K, 22% used [0x0000000740000000,0x0000000740878678,0x0000000742680000)
 Metaspace       used 23342K, capacity 23750K, committed 24064K, reserved 1071104K
  class space    used 2452K, capacity 2557K, committed 2560K, reserved 1048576K
Event: 62.331 GC heap after
Heap after GC invocations=10 (full 2):
 PSYoungGen      total 36352K, used 448K [0x0000000795580000, 0x0000000798100000, 0x00000007c0000000)
  eden space 29184K, 0% used [0x0000000795580000,0x0000000795580000,0x0000000797200000)
  from space 7168K, 6% used [0x0000000797a00000,0x0000000797a70000,0x0000000798100000)
  to   space 7680K, 0% used [0x0000000797200000,0x0000000797200000,0x0000000797980000)
 ParOldGen       total 39424K, used 8673K [0x0000000740000000, 0x0000000742680000, 0x0000000795580000)
  object space 39424K, 22% used [0x0000000740000000,0x0000000740878678,0x0000000742680000)
 Metaspace       used 23342K, capacity 23750K, committed 24064K, reserved 1071104K
  class space    used 2452K, capacity 2557K, committed 2560K, reserved 1048576K
}

Deoptimization events (10 events):
Event: 77.046 Thread 0x00007f9948b91800 Uncommon trap: reason=unstable_if action=reinterpret pc=0x0000000116e1d128 method=jogamp.opengl.GLFBODrawableImpl.getDefaultDrawFramebuffer()I @ 4
Event: 77.046 Thread 0x00007f9948b91800 Uncommon trap: reason=unstable_if action=reinterpret pc=0x000000011730ffc0 method=jogamp.opengl.GLFBODrawableImpl.getDefaultReadFramebuffer()I @ 4
Event: 77.046 Thread 0x00007f9948b91800 Uncommon trap: reason=class_check action=maybe_recompile pc=0x00000001173044e0 method=com.jogamp.nativewindow.awt.JAWTWindow.getWidth()I @ 4
Event: 77.046 Thread 0x00007f9948b91800 Uncommon trap: reason=unstable_if action=reinterpret pc=0x0000000117262ca4 method=jogamp.opengl.GLFBODrawableImpl.contextMadeCurrent(Lcom/jogamp/opengl/GLContext;Z)V @ 80
Event: 78.059 Thread 0x00007f9948b91800 Uncommon trap: reason=class_check action=maybe_recompile pc=0x00000001171912d4 method=jogamp.common.util.locks.RecursiveLockImpl01Unfairish.tryLock(J)Z @ 75
Event: 78.059 Thread 0x00007f9948b91800 Uncommon trap: reason=class_check action=maybe_recompile pc=0x00000001171907d4 method=jogamp.common.util.locks.RecursiveLockImpl01Unfairish.validateLocked()V @ 14
Event: 78.060 Thread 0x00007f9948b91800 Uncommon trap: reason=class_check action=maybe_recompile pc=0x000000011716c0c0 method=jogamp.common.util.locks.RecursiveLockImpl01Unfairish.validateLocked()V @ 14
Event: 78.099 Thread 0x00007f9948b91800 Uncommon trap: reason=class_check action=maybe_recompile pc=0x00000001173044e0 method=com.jogamp.nativewindow.awt.JAWTWindow.getWidth()I @ 4
Event: 79.134 Thread 0x00007f9948b91800 Uncommon trap: reason=class_check action=maybe_recompile pc=0x0000000116df6090 method=sun.lwawt.LWCursorManager.updateCursorImpl()V @ 18
Event: 80.164 Thread 0x00007f9948b91800 Uncommon trap: reason=class_check action=maybe_recompile pc=0x0000000116df6090 method=sun.lwawt.LWCursorManager.updateCursorImpl()V @ 18

Classes redefined (0 events):
No events

Internal exceptions (10 events):
Event: 0.779 Thread 0x00007f9948809000 Exception <a 'java/lang/UnsatisfiedLinkError': com.jogamp.common.util.JarUtil.fixNativeLibAttribs(Ljava/lang/String;)Z> (0x0000000795f82050) thrown at [/Users/java_re/workspace/8-2-build-macosx-x86_64/jdk8u162/10278/hotspot/src/share/vm/prims/nativeLookup
Event: 0.780 Thread 0x00007f9948809000 Exception <a 'java/lang/UnsatisfiedLinkError': com.jogamp.common.util.JarUtil.fixNativeLibAttribs(Ljava/lang/String;)Z> (0x0000000795f91710) thrown at [/Users/java_re/workspace/8-2-build-macosx-x86_64/jdk8u162/10278/hotspot/src/share/vm/prims/nativeLookup
Event: 0.800 Thread 0x00007f9948809000 Exception <a 'java/lang/UnsatisfiedLinkError': com.jogamp.common.util.JarUtil.fixNativeLibAttribs(Ljava/lang/String;)Z> (0x0000000795f9a470) thrown at [/Users/java_re/workspace/8-2-build-macosx-x86_64/jdk8u162/10278/hotspot/src/share/vm/prims/nativeLookup
Event: 0.803 Thread 0x00007f9948809000 Exception <a 'java/lang/UnsatisfiedLinkError': com.jogamp.common.util.JarUtil.fixNativeLibAttribs(Ljava/lang/String;)Z> (0x0000000795fa3128) thrown at [/Users/java_re/workspace/8-2-build-macosx-x86_64/jdk8u162/10278/hotspot/src/share/vm/prims/nativeLookup
Event: 0.832 Thread 0x00007f9948809000 Exception <a 'java/lang/UnsatisfiedLinkError': com.jogamp.common.util.JarUtil.fixNativeLibAttribs(Ljava/lang/String;)Z> (0x0000000795fabe48) thrown at [/Users/java_re/workspace/8-2-build-macosx-x86_64/jdk8u162/10278/hotspot/src/share/vm/prims/nativeLookup
Event: 0.849 Thread 0x00007f9948809000 Exception <a 'java/lang/UnsatisfiedLinkError': com.jogamp.common.util.JarUtil.fixNativeLibAttribs(Ljava/lang/String;)Z> (0x0000000795fb4b10) thrown at [/Users/java_re/workspace/8-2-build-macosx-x86_64/jdk8u162/10278/hotspot/src/share/vm/prims/nativeLookup
Event: 2.636 Thread 0x00007f9948809000 Implicit null exception at 0x0000000116a01a35 to 0x0000000116a01c69
Event: 2.800 Thread 0x00007f9948835000 Exception <a 'java/lang/NullPointerException'> (0x00000007955d6de8) thrown at [/Users/java_re/workspace/8-2-build-macosx-x86_64/jdk8u162/10278/hotspot/src/share/vm/interpreter/linkResolver.cpp, line 1185]
Event: 72.645 Thread 0x00007f9948c0e800 Implicit null exception at 0x0000000116ffb5b8 to 0x0000000116ffe90d
Event: 72.646 Thread 0x00007f9948c0e800 Implicit null exception at 0x00000001167d60a0 to 0x00000001167d617a

Events (10 events):
Event: 85.351 Executing VM operation: RevokeBias
Event: 85.351 Executing VM operation: RevokeBias done
Event: 85.376 Executing VM operation: BulkRevokeBias
Event: 85.376 Executing VM operation: BulkRevokeBias done
Event: 85.379 Executing VM operation: RevokeBias
Event: 85.380 Executing VM operation: RevokeBias done
Event: 86.388 Executing VM operation: RevokeBias
Event: 86.388 Executing VM operation: RevokeBias done
Event: 86.397 Executing VM operation: BulkRevokeBias
Event: 86.397 Executing VM operation: BulkRevokeBias done


Dynamic libraries:
0x000000005b0dd000 	/System/Library/Frameworks/Cocoa.framework/Versions/A/Cocoa
0x000000005b0dd000 	/System/Library/Frameworks/Security.framework/Versions/A/Security
0x000000005b0dd000 	/System/Library/Frameworks/ApplicationServices.framework/Versions/A/ApplicationServices
0x000000005b0dd000 	/usr/lib/libz.1.dylib
0x000000005b0dd000 	/usr/lib/libSystem.B.dylib
0x000000005b0dd000 	/usr/lib/libobjc.A.dylib
0x000000005b0dd000 	/System/Library/Frameworks/CoreFoundation.framework/Versions/A/CoreFoundation
0x000000005b0dd000 	/System/Library/Frameworks/Foundation.framework/Versions/C/Foundation
0x000000005b0dd000 	/System/Library/Frameworks/AppKit.framework/Versions/C/AppKit
0x000000005b0dd000 	/System/Library/Frameworks/CoreData.framework/Versions/A/CoreData
0x000000005b0dd000 	/System/Library/PrivateFrameworks/RemoteViewServices.framework/Versions/A/RemoteViewServices
0x000000005b0dd000 	/System/Library/PrivateFrameworks/UIFoundation.framework/Versions/A/UIFoundation
0x000000005b0dd000 	/System/Library/PrivateFrameworks/DFRFoundation.framework/Versions/A/DFRFoundation
0x000000005b0dd000 	/usr/lib/libenergytrace.dylib
0x000000005b0dd000 	/System/Library/PrivateFrameworks/SkyLight.framework/Versions/A/SkyLight
0x000000005b0dd000 	/System/Library/Frameworks/CoreGraphics.framework/Versions/A/CoreGraphics
0x000000005b0dd000 	/usr/lib/libScreenReader.dylib
0x000000005b0dd000 	/System/Library/Frameworks/Accelerate.framework/Versions/A/Accelerate
0x000000005b0dd000 	/System/Library/Frameworks/IOSurface.framework/Versions/A/IOSurface
0x000000005b0dd000 	/System/Library/Frameworks/AudioToolbox.framework/Versions/A/AudioToolbox
0x000000005b0dd000 	/System/Library/Frameworks/AudioUnit.framework/Versions/A/AudioUnit
0x000000005b0dd000 	/System/Library/PrivateFrameworks/DataDetectorsCore.framework/Versions/A/DataDetectorsCore
0x000000005b0dd000 	/System/Library/PrivateFrameworks/DesktopServicesPriv.framework/Versions/A/DesktopServicesPriv
0x000000005b0dd000 	/System/Library/Frameworks/Carbon.framework/Versions/A/Frameworks/HIToolbox.framework/Versions/A/HIToolbox
0x000000005b0dd000 	/usr/lib/libicucore.A.dylib
0x000000005b0dd000 	/System/Library/Frameworks/QuartzCore.framework/Versions/A/QuartzCore
0x000000005b0dd000 	/System/Library/Frameworks/Carbon.framework/Versions/A/Frameworks/SpeechRecognition.framework/Versions/A/SpeechRecognition
0x000000005b0dd000 	/usr/lib/libauto.dylib
0x000000005b0dd000 	/usr/lib/libxml2.2.dylib
0x000000005b0dd000 	/System/Library/PrivateFrameworks/CoreUI.framework/Versions/A/CoreUI
0x000000005b0dd000 	/System/Library/Frameworks/CoreAudio.framework/Versions/A/CoreAudio
0x000000005b0dd000 	/System/Library/Frameworks/DiskArbitration.framework/Versions/A/DiskArbitration
0x000000005b0dd000 	/usr/lib/liblangid.dylib
0x000000005b0dd000 	/System/Library/PrivateFrameworks/MultitouchSupport.framework/Versions/A/MultitouchSupport
0x000000005b0dd000 	/System/Library/Frameworks/IOKit.framework/Versions/A/IOKit
0x000000005b0dd000 	/usr/lib/libDiagnosticMessagesClient.dylib
0x000000005b0dd000 	/System/Library/Frameworks/CoreServices.framework/Versions/A/CoreServices
0x000000005b0dd000 	/System/Library/PrivateFrameworks/PerformanceAnalysis.framework/Versions/A/PerformanceAnalysis
0x000000005b0dd000 	/System/Library/PrivateFrameworks/GenerationalStorage.framework/Versions/A/GenerationalStorage
0x000000005b0dd000 	/System/Library/Frameworks/OpenGL.framework/Versions/A/OpenGL
0x000000005b0dd000 	/System/Library/Frameworks/CoreImage.framework/Versions/A/CoreImage
0x000000005b0dd000 	/System/Library/Frameworks/CoreText.framework/Versions/A/CoreText
0x000000005b0dd000 	/System/Library/Frameworks/ImageIO.framework/Versions/A/ImageIO
0x000000005b0dd000 	/System/Library/PrivateFrameworks/Backup.framework/Versions/A/Backup
0x000000005b0dd000 	/usr/lib/libarchive.2.dylib
0x000000005b0dd000 	/System/Library/Frameworks/CFNetwork.framework/Versions/A/CFNetwork
0x000000005b0dd000 	/System/Library/Frameworks/SystemConfiguration.framework/Versions/A/SystemConfiguration
0x000000005b0dd000 	/usr/lib/libCRFSuite.dylib
0x000000005b0dd000 	/usr/lib/libc++.1.dylib
0x000000005b0dd000 	/usr/lib/libc++abi.dylib
0x000000005b0dd000 	/usr/lib/system/libcache.dylib
0x000000005b0dd000 	/usr/lib/system/libcommonCrypto.dylib
0x000000005b0dd000 	/usr/lib/system/libcompiler_rt.dylib
0x000000005b0dd000 	/usr/lib/system/libcopyfile.dylib
0x000000005b0dd000 	/usr/lib/system/libcorecrypto.dylib
0x000000005b0dd000 	/usr/lib/system/libdispatch.dylib
0x000000005b0dd000 	/usr/lib/system/libdyld.dylib
0x000000005b0dd000 	/usr/lib/system/libkeymgr.dylib
0x000000005b0dd000 	/usr/lib/system/liblaunch.dylib
0x000000005b0dd000 	/usr/lib/system/libmacho.dylib
0x000000005b0dd000 	/usr/lib/system/libquarantine.dylib
0x000000005b0dd000 	/usr/lib/system/libremovefile.dylib
0x000000005b0dd000 	/usr/lib/system/libsystem_asl.dylib
0x000000005b0dd000 	/usr/lib/system/libsystem_blocks.dylib
0x000000005b0dd000 	/usr/lib/system/libsystem_c.dylib
0x000000005b0dd000 	/usr/lib/system/libsystem_configuration.dylib
0x000000005b0dd000 	/usr/lib/system/libsystem_coreservices.dylib
0x000000005b0dd000 	/usr/lib/system/libsystem_coretls.dylib
0x000000005b0dd000 	/usr/lib/system/libsystem_dnssd.dylib
0x000000005b0dd000 	/usr/lib/system/libsystem_info.dylib
0x000000005b0dd000 	/usr/lib/system/libsystem_kernel.dylib
0x000000005b0dd000 	/usr/lib/system/libsystem_m.dylib
0x000000005b0dd000 	/usr/lib/system/libsystem_malloc.dylib
0x000000005b0dd000 	/usr/lib/system/libsystem_network.dylib
0x000000005b0dd000 	/usr/lib/system/libsystem_networkextension.dylib
0x000000005b0dd000 	/usr/lib/system/libsystem_notify.dylib
0x000000005b0dd000 	/usr/lib/system/libsystem_platform.dylib
0x000000005b0dd000 	/usr/lib/system/libsystem_pthread.dylib
0x000000005b0dd000 	/usr/lib/system/libsystem_sandbox.dylib
0x000000005b0dd000 	/usr/lib/system/libsystem_secinit.dylib
0x000000005b0dd000 	/usr/lib/system/libsystem_symptoms.dylib
0x000000005b0dd000 	/usr/lib/system/libsystem_trace.dylib
0x000000005b0dd000 	/usr/lib/system/libunwind.dylib
0x000000005b0dd000 	/usr/lib/system/libxpc.dylib
0x000000005b0dd000 	/usr/lib/libbsm.0.dylib
0x000000005b0dd000 	/usr/lib/system/libkxld.dylib
0x000000005b0dd000 	/usr/lib/libcoretls.dylib
0x000000005b0dd000 	/usr/lib/libcoretls_cfhelpers.dylib
0x000000005b0dd000 	/usr/lib/libOpenScriptingUtil.dylib
0x000000005b0dd000 	/usr/lib/libpam.2.dylib
0x000000005b0dd000 	/usr/lib/libsqlite3.dylib
0x000000005b0dd000 	/usr/lib/libxar.1.dylib
0x000000005b0dd000 	/usr/lib/libbz2.1.0.dylib
0x000000005b0dd000 	/usr/lib/liblzma.5.dylib
0x000000005b0dd000 	/usr/lib/libnetwork.dylib
0x000000005b0dd000 	/usr/lib/libpcap.A.dylib
0x000000005b0dd000 	/System/Library/Frameworks/CoreServices.framework/Versions/A/Frameworks/FSEvents.framework/Versions/A/FSEvents
0x000000005b0dd000 	/System/Library/Frameworks/CoreServices.framework/Versions/A/Frameworks/CarbonCore.framework/Versions/A/CarbonCore
0x000000005b0dd000 	/System/Library/Frameworks/CoreServices.framework/Versions/A/Frameworks/Metadata.framework/Versions/A/Metadata
0x000000005b0dd000 	/System/Library/Frameworks/CoreServices.framework/Versions/A/Frameworks/OSServices.framework/Versions/A/OSServices
0x000000005b0dd000 	/System/Library/Frameworks/CoreServices.framework/Versions/A/Frameworks/SearchKit.framework/Versions/A/SearchKit
0x000000005b0dd000 	/System/Library/Frameworks/CoreServices.framework/Versions/A/Frameworks/AE.framework/Versions/A/AE
0x000000005b0dd000 	/System/Library/Frameworks/CoreServices.framework/Versions/A/Frameworks/LaunchServices.framework/Versions/A/LaunchServices
0x000000005b0dd000 	/System/Library/Frameworks/CoreServices.framework/Versions/A/Frameworks/DictionaryServices.framework/Versions/A/DictionaryServices
0x000000005b0dd000 	/System/Library/Frameworks/CoreServices.framework/Versions/A/Frameworks/SharedFileList.framework/Versions/A/SharedFileList
0x000000005b0dd000 	/System/Library/Frameworks/NetFS.framework/Versions/A/NetFS
0x000000005b0dd000 	/System/Library/PrivateFrameworks/NetAuth.framework/Versions/A/NetAuth
0x000000005b0dd000 	/System/Library/PrivateFrameworks/login.framework/Versions/A/Frameworks/loginsupport.framework/Versions/A/loginsupport
0x000000005b0dd000 	/System/Library/PrivateFrameworks/TCC.framework/Versions/A/TCC
0x000000005b0dd000 	/usr/lib/libmecabra.dylib
0x000000005b0dd000 	/System/Library/Frameworks/ApplicationServices.framework/Versions/A/Frameworks/ATS.framework/Versions/A/ATS
0x000000005b0dd000 	/System/Library/Frameworks/ApplicationServices.framework/Versions/A/Frameworks/ColorSync.framework/Versions/A/ColorSync
0x000000005b0dd000 	/System/Library/Frameworks/ApplicationServices.framework/Versions/A/Frameworks/HIServices.framework/Versions/A/HIServices
0x000000005b0dd000 	/System/Library/Frameworks/ApplicationServices.framework/Versions/A/Frameworks/LangAnalysis.framework/Versions/A/LangAnalysis
0x000000005b0dd000 	/System/Library/Frameworks/ApplicationServices.framework/Versions/A/Frameworks/PrintCore.framework/Versions/A/PrintCore
0x000000005b0dd000 	/System/Library/Frameworks/ApplicationServices.framework/Versions/A/Frameworks/QD.framework/Versions/A/QD
0x000000005b0dd000 	/System/Library/Frameworks/ApplicationServices.framework/Versions/A/Frameworks/SpeechSynthesis.framework/Versions/A/SpeechSynthesis
0x000000005b0dd000 	/System/Library/Frameworks/Accelerate.framework/Versions/A/Frameworks/vImage.framework/Versions/A/vImage
0x000000005b0dd000 	/System/Library/Frameworks/Accelerate.framework/Versions/A/Frameworks/vecLib.framework/Versions/A/vecLib
0x000000005b0dd000 	/System/Library/Frameworks/Accelerate.framework/Versions/A/Frameworks/vecLib.framework/Versions/A/libvDSP.dylib
0x000000005b0dd000 	/System/Library/Frameworks/Accelerate.framework/Versions/A/Frameworks/vecLib.framework/Versions/A/libBNNS.dylib
0x000000005b0dd000 	/System/Library/Frameworks/Accelerate.framework/Versions/A/Frameworks/vecLib.framework/Versions/A/libQuadrature.dylib
0x000000005b0dd000 	/System/Library/Frameworks/Accelerate.framework/Versions/A/Frameworks/vecLib.framework/Versions/A/libvMisc.dylib
0x000000005b0dd000 	/System/Library/Frameworks/Accelerate.framework/Versions/A/Frameworks/vecLib.framework/Versions/A/libLAPACK.dylib
0x000000005b0dd000 	/System/Library/Frameworks/Accelerate.framework/Versions/A/Frameworks/vecLib.framework/Versions/A/libBLAS.dylib
0x000000005b0dd000 	/System/Library/Frameworks/Accelerate.framework/Versions/A/Frameworks/vecLib.framework/Versions/A/libLinearAlgebra.dylib
0x000000005b0dd000 	/System/Library/Frameworks/Accelerate.framework/Versions/A/Frameworks/vecLib.framework/Versions/A/libSparseBLAS.dylib
0x000000005b0dd000 	/System/Library/Frameworks/ApplicationServices.framework/Versions/A/Frameworks/ATS.framework/Versions/A/Resources/libFontParser.dylib
0x000000005b0dd000 	/System/Library/Frameworks/ApplicationServices.framework/Versions/A/Frameworks/ATS.framework/Versions/A/Resources/libFontRegistry.dylib
0x000000005b0dd000 	/System/Library/Frameworks/ImageIO.framework/Versions/A/Resources/libJPEG.dylib
0x000000005b0dd000 	/System/Library/Frameworks/ImageIO.framework/Versions/A/Resources/libTIFF.dylib
0x000000005b0dd000 	/System/Library/Frameworks/ImageIO.framework/Versions/A/Resources/libPng.dylib
0x000000005b0dd000 	/System/Library/Frameworks/ImageIO.framework/Versions/A/Resources/libGIF.dylib
0x000000005b0dd000 	/System/Library/Frameworks/ImageIO.framework/Versions/A/Resources/libJP2.dylib
0x000000005b0dd000 	/System/Library/Frameworks/ImageIO.framework/Versions/A/Resources/libRadiance.dylib
0x000000005b0dd000 	/usr/lib/libcompression.dylib
0x000000005b0dd000 	/System/Library/PrivateFrameworks/AppleJPEG.framework/Versions/A/AppleJPEG
0x000000005b0dd000 	/usr/lib/libcups.2.dylib
0x000000005b0dd000 	/System/Library/Frameworks/Kerberos.framework/Versions/A/Kerberos
0x000000005b0dd000 	/System/Library/Frameworks/GSS.framework/Versions/A/GSS
0x000000005b0dd000 	/usr/lib/libresolv.9.dylib
0x000000005b0dd000 	/usr/lib/libiconv.2.dylib
0x000000005b0dd000 	/System/Library/PrivateFrameworks/Heimdal.framework/Versions/A/Heimdal
0x000000005b0dd000 	/usr/lib/libheimdal-asn1.dylib
0x000000005b0dd000 	/System/Library/Frameworks/OpenDirectory.framework/Versions/A/OpenDirectory
0x000000005b0dd000 	/System/Library/PrivateFrameworks/CommonAuth.framework/Versions/A/CommonAuth
0x000000005b0dd000 	/System/Library/Frameworks/OpenDirectory.framework/Versions/A/Frameworks/CFOpenDirectory.framework/Versions/A/CFOpenDirectory
0x000000005b0dd000 	/System/Library/Frameworks/SecurityFoundation.framework/Versions/A/SecurityFoundation
0x000000005b0dd000 	/System/Library/PrivateFrameworks/LanguageModeling.framework/Versions/A/LanguageModeling
0x000000005b0dd000 	/usr/lib/libmarisa.dylib
0x000000005b0dd000 	/usr/lib/libChineseTokenizer.dylib
0x000000005b0dd000 	/usr/lib/libcmph.dylib
0x000000005b0dd000 	/System/Library/PrivateFrameworks/CoreEmoji.framework/Versions/A/CoreEmoji
0x000000005b0dd000 	/System/Library/Frameworks/ServiceManagement.framework/Versions/A/ServiceManagement
0x000000005b0dd000 	/usr/lib/libxslt.1.dylib
0x000000005b0dd000 	/System/Library/Frameworks/Carbon.framework/Versions/A/Frameworks/Ink.framework/Versions/A/Ink
0x000000005b0dd000 	/System/Library/PrivateFrameworks/TextureIO.framework/Versions/A/TextureIO
0x000000005b0dd000 	/System/Library/Frameworks/Metal.framework/Versions/A/Metal
0x000000005b0dd000 	/usr/lib/libate.dylib
0x000000005b0dd000 	/System/Library/PrivateFrameworks/GPUCompiler.framework/libmetal_timestamp.dylib
0x000000005b0dd000 	/System/Library/Frameworks/OpenGL.framework/Versions/A/Libraries/libCoreFSCache.dylib
0x000000005b0dd000 	/System/Library/PrivateFrameworks/IOAccelerator.framework/Versions/A/IOAccelerator
0x000000005b0dd000 	/System/Library/Frameworks/CoreVideo.framework/Versions/A/CoreVideo
0x000000005b0dd000 	/usr/lib/libFosl_dynamic.dylib
0x000000005b0dd000 	/System/Library/PrivateFrameworks/MetalPerformanceShaders.framework/Versions/A/MetalPerformanceShaders
0x000000005b0dd000 	/System/Library/PrivateFrameworks/FaceCore.framework/Versions/A/FaceCore
0x000000005b0dd000 	/System/Library/Frameworks/OpenCL.framework/Versions/A/OpenCL
0x000000005b0dd000 	/System/Library/Frameworks/OpenGL.framework/Versions/A/Libraries/libGLU.dylib
0x000000005b0dd000 	/System/Library/Frameworks/OpenGL.framework/Versions/A/Libraries/libGFXShared.dylib
0x000000005b0dd000 	/System/Library/Frameworks/OpenGL.framework/Versions/A/Libraries/libGL.dylib
0x000000005b0dd000 	/System/Library/Frameworks/OpenGL.framework/Versions/A/Libraries/libGLImage.dylib
0x000000005b0dd000 	/System/Library/Frameworks/OpenGL.framework/Versions/A/Libraries/libCVMSPluginSupport.dylib
0x000000005b0dd000 	/System/Library/Frameworks/OpenGL.framework/Versions/A/Libraries/libCoreVMClient.dylib
0x000000005b0dd000 	/System/Library/PrivateFrameworks/CrashReporterSupport.framework/Versions/A/CrashReporterSupport
0x000000005b0dd000 	/System/Library/PrivateFrameworks/Sharing.framework/Versions/A/Sharing
0x000000005b0dd000 	/System/Library/PrivateFrameworks/IconServices.framework/Versions/A/IconServices
0x000000005b0dd000 	/System/Library/PrivateFrameworks/ProtocolBuffer.framework/Versions/A/ProtocolBuffer
0x000000005b0dd000 	/System/Library/PrivateFrameworks/Apple80211.framework/Versions/A/Apple80211
0x000000005b0dd000 	/System/Library/Frameworks/CoreWLAN.framework/Versions/A/CoreWLAN
0x000000005b0dd000 	/System/Library/PrivateFrameworks/CoreUtils.framework/Versions/A/CoreUtils
0x000000005b0dd000 	/System/Library/Frameworks/IOBluetooth.framework/Versions/A/IOBluetooth
0x000000005b0dd000 	/System/Library/PrivateFrameworks/CoreWiFi.framework/Versions/A/CoreWiFi
0x000000005b0dd000 	/System/Library/Frameworks/CoreBluetooth.framework/Versions/A/CoreBluetooth
0x000000005b0dd000 	/System/Library/Frameworks/CoreDisplay.framework/Versions/A/CoreDisplay
0x000000005b0dd000 	/System/Library/PrivateFrameworks/IOPresentment.framework/Versions/A/IOPresentment
0x000000005b0dd000 	/System/Library/PrivateFrameworks/DSExternalDisplay.framework/Versions/A/DSExternalDisplay
0x000000005b0dd000 	/System/Library/PrivateFrameworks/DebugSymbols.framework/Versions/A/DebugSymbols
0x000000005b0dd000 	/System/Library/PrivateFrameworks/CoreSymbolication.framework/Versions/A/CoreSymbolication
0x000000005b0dd000 	/System/Library/PrivateFrameworks/Symbolication.framework/Versions/A/Symbolication
0x000000005b0dd000 	/System/Library/PrivateFrameworks/AppleFSCompression.framework/Versions/A/AppleFSCompression
0x000000005b0dd000 	/System/Library/PrivateFrameworks/SpeechRecognitionCore.framework/Versions/A/SpeechRecognitionCore
0x000000005b0dd000 	/System/Library/PrivateFrameworks/ChunkingLibrary.framework/Versions/A/ChunkingLibrary
0x000000010fe00000 	/Library/Java/JavaVirtualMachines/jdk1.8.0_162.jdk/Contents/Home/jre/lib/server/libjvm.dylib
0x000000005b0dd000 	/usr/lib/libstdc++.6.dylib
0x000000010f5eb000 	/Library/Java/JavaVirtualMachines/jdk1.8.0_162.jdk/Contents/Home/jre/lib/libverify.dylib
0x0000000110dae000 	/Library/Java/JavaVirtualMachines/jdk1.8.0_162.jdk/Contents/Home/jre/lib/libjava.dylib
0x0000000110dec000 	/Library/Java/JavaVirtualMachines/jdk1.8.0_162.jdk/Contents/Home/jre/lib/libzip.dylib
0x00000001282c3000 	/Library/Java/JavaVirtualMachines/jdk1.8.0_162.jdk/Contents/Home/jre/lib/libawt.dylib
0x000000012836d000 	/Library/Java/JavaVirtualMachines/jdk1.8.0_162.jdk/Contents/Home/jre/lib/./libmlib_image.dylib
0x0000000128439000 	/System/Library/Frameworks/JavaVM.framework/Versions/A/Frameworks/JavaNativeFoundation.framework/Versions/A/JavaNativeFoundation
0x000000012844e000 	/System/Library/Frameworks/JavaVM.framework/Versions/A/Frameworks/JavaRuntimeSupport.framework/Versions/A/JavaRuntimeSupport
0x0000000128468000 	/System/Library/Frameworks/JavaVM.framework/Versions/A/JavaVM
0x0000000128475000 	/System/Library/PrivateFrameworks/JavaLaunching.framework/Versions/A/JavaLaunching
0x000000005b0dd000 	/System/Library/Frameworks/Carbon.framework/Versions/A/Carbon
0x000000005b0dd000 	/System/Library/Frameworks/Carbon.framework/Versions/A/Frameworks/CommonPanels.framework/Versions/A/CommonPanels
0x000000005b0dd000 	/System/Library/Frameworks/Carbon.framework/Versions/A/Frameworks/Help.framework/Versions/A/Help
0x000000005b0dd000 	/System/Library/Frameworks/Carbon.framework/Versions/A/Frameworks/ImageCapture.framework/Versions/A/ImageCapture
0x000000005b0dd000 	/System/Library/Frameworks/Carbon.framework/Versions/A/Frameworks/OpenScripting.framework/Versions/A/OpenScripting
0x000000005b0dd000 	/System/Library/Frameworks/Carbon.framework/Versions/A/Frameworks/Print.framework/Versions/A/Print
0x000000005b0dd000 	/System/Library/Frameworks/Carbon.framework/Versions/A/Frameworks/SecurityHI.framework/Versions/A/SecurityHI
0x0000000128481000 	/Library/Java/JavaVirtualMachines/jdk1.8.0_162.jdk/Contents/Home/jre/lib/libawt_lwawt.dylib
0x000000012853b000 	/Library/Java/JavaVirtualMachines/jdk1.8.0_162.jdk/Contents/Home/jre/lib/./libosxapp.dylib
0x000000005b0dd000 	/System/Library/Frameworks/ExceptionHandling.framework/Versions/A/ExceptionHandling
0x000000005b0dd000 	/System/Library/PrivateFrameworks/CoreServicesInternal.framework/Versions/A/CoreServicesInternal
0x000000005b0dd000 	/System/Library/CoreServices/RawCamera.bundle/Contents/MacOS/RawCamera
0x000000005b0dd000 	/System/Library/Frameworks/Accelerate.framework/Versions/A/Frameworks/vImage.framework/Versions/A/Libraries/libCGInterfaces.dylib
0x000000005b0dd000 	/System/Library/Frameworks/ApplicationServices.framework/Versions/A/Frameworks/ATS.framework/Versions/A/Resources/libTrueTypeScaler.dylib
0x000000005b0dd000 	/System/Library/Frameworks/OpenGL.framework/Versions/A/Resources/GLEngine.bundle/GLEngine
0x000000005b0dd000 	/System/Library/Frameworks/OpenGL.framework/Versions/A/Libraries/libGLProgrammability.dylib
0x000000012a0f8000 	/System/Library/Extensions/AppleIntelHD4000GraphicsGLDriver.bundle/Contents/MacOS/AppleIntelHD4000GraphicsGLDriver
0x000000005b0dd000 	/System/Library/PrivateFrameworks/GPUSupport.framework/Versions/A/Libraries/libGPUSupportMercury.dylib
0x000000005b0dd000 	/System/Library/Frameworks/OpenGL.framework/Versions/A/Resources/GLRendererFloat.bundle/GLRendererFloat
0x000000005b0dd000 	/System/Library/Frameworks/OpenCL.framework/Versions/A/Libraries/libcldcpuengine.dylib
0x000000005b0dd000 	/usr/lib/libcrypto.0.9.8.dylib
0x000000005b0dd000 	/System/Library/PrivateFrameworks/TrustEvaluationAgent.framework/Versions/A/TrustEvaluationAgent
0x000000012a702000 	/System/Library/Extensions/AppleIntelHD4000GraphicsMTLDriver.bundle/Contents/MacOS/AppleIntelHD4000GraphicsMTLDriver
0x000000005b0dd000 	/System/Library/PrivateFrameworks/FamilyControls.framework/Versions/A/FamilyControls
0x000000005b0dd000 	/System/Library/PrivateFrameworks/CommerceKit.framework/Versions/A/Frameworks/CommerceCore.framework/Versions/A/CommerceCore
0x000000005b0dd000 	/System/Library/PrivateFrameworks/SystemAdministration.framework/Versions/A/SystemAdministration
0x000000005b0dd000 	/System/Library/PrivateFrameworks/AppContainer.framework/Versions/A/AppContainer
0x000000005b0dd000 	/System/Library/PrivateFrameworks/SecCodeWrapper.framework/Versions/A/SecCodeWrapper
0x000000005b0dd000 	/System/Library/Frameworks/DirectoryService.framework/Versions/A/DirectoryService
0x000000005b0dd000 	/System/Library/PrivateFrameworks/DiskImages.framework/Versions/A/DiskImages
0x000000005b0dd000 	/System/Library/PrivateFrameworks/LoginUIKit.framework/Versions/A/Frameworks/LoginUICore.framework/Versions/A/LoginUICore
0x000000005b0dd000 	/usr/lib/libCoreStorage.dylib
0x000000005b0dd000 	/usr/lib/libcsfde.dylib
0x000000005b0dd000 	/usr/lib/libodfde.dylib
0x000000005b0dd000 	/System/Library/Frameworks/DiscRecording.framework/Versions/A/DiscRecording
0x000000005b0dd000 	/usr/lib/libcurl.4.dylib
0x000000005b0dd000 	/System/Library/PrivateFrameworks/MediaKit.framework/Versions/A/MediaKit
0x000000005b0dd000 	/System/Library/PrivateFrameworks/ProtectedCloudStorage.framework/Versions/A/ProtectedCloudStorage
0x000000005b0dd000 	/System/Library/PrivateFrameworks/EFILogin.framework/Versions/A/EFILogin
0x000000005b0dd000 	/usr/lib/libutil.dylib
0x000000005b0dd000 	/System/Library/Frameworks/LDAP.framework/Versions/A/LDAP
0x000000005b0dd000 	/usr/lib/libsasl2.2.dylib
0x000000005b0dd000 	/System/Library/PrivateFrameworks/CoreDaemon.framework/Versions/B/CoreDaemon
0x000000005b0dd000 	/System/Library/PrivateFrameworks/AppleSRP.framework/Versions/A/AppleSRP
0x000000005b0dd000 	/System/Library/PrivateFrameworks/APFS.framework/Versions/A/APFS
0x000000012b933000 	/Library/Java/JavaVirtualMachines/jdk1.8.0_162.jdk/Contents/Home/jre/lib/libnet.dylib
0x000000012902b000 	/Library/Java/JavaVirtualMachines/jdk1.8.0_162.jdk/Contents/Home/jre/lib/libnio.dylib
0x000000005b0dd000 	/System/Library/PrivateFrameworks/ViewBridge.framework/Versions/A/ViewBridge
0x000000005b0dd000 	/System/Library/PrivateFrameworks/XPCService.framework/Versions/A/XPCService
0x000000005b0dd000 	/System/Library/PrivateFrameworks/AppSandbox.framework/Versions/A/AppSandbox
0x000000005b0dd000 	/usr/lib/libsandbox.1.dylib
0x000000005b0dd000 	/usr/lib/libMatch.1.dylib
0x0000000128a17000 	/private/var/folders/h_/wv55v7_11dl28kbh8xvq71d00000gn/T/jogamp_0000/file_cache/jln6136258333408068709/jln1502261622824762423/natives/macosx-universal/libgluegen-rt.jnilib
0x000000012b992000 	/Library/Java/JavaVirtualMachines/jdk1.8.0_162.jdk/Contents/Home/jre/lib/libfontmanager.dylib
0x0000000128a1b000 	/private/var/folders/h_/wv55v7_11dl28kbh8xvq71d00000gn/T/jogamp_0000/file_cache/jln6136258333408068709/jln1502261622824762423/natives/macosx-universal/libnativewindow_awt.jnilib
0x0000000128a1e000 	/Library/Java/JavaVirtualMachines/jdk1.8.0_162.jdk/Contents/Home/jre/lib/libjawt.dylib
0x000000012c484000 	/private/var/folders/h_/wv55v7_11dl28kbh8xvq71d00000gn/T/jogamp_0000/file_cache/jln6136258333408068709/jln1502261622824762423/natives/macosx-universal/libnativewindow_macosx.jnilib
0x000000012c6f3000 	/private/var/folders/h_/wv55v7_11dl28kbh8xvq71d00000gn/T/jogamp_0000/file_cache/jln6136258333408068709/jln1502261622824762423/natives/macosx-universal/libjogl_desktop.jnilib
0x000000012c80d000 	/private/var/folders/h_/wv55v7_11dl28kbh8xvq71d00000gn/T/jogamp_0000/file_cache/jln6136258333408068709/jln1502261622824762423/natives/macosx-universal/libjogl_mobile.jnilib
0x000000012ca74000 	/Library/Java/JavaVirtualMachines/jdk1.8.0_162.jdk/Contents/Home/jre/lib/libosxui.dylib
0x000000012e927000 	/Library/Java/JavaVirtualMachines/jdk1.8.0_162.jdk/Contents/Home/jre/lib/libdcpr.dylib

VM Arguments:
jvm_args: -Dfile.encoding=UTF-8 
java_command: nl.vu.cs.s2.simbadtest.ExampleMain
java_class_path (initial): /Users/duartesaraiva/workspace-papyrus/SimbadTest/bin:/Users/duartesaraiva/workspace-papyrus/SimbadTest/libs/j3dcore.jar:/Users/duartesaraiva/workspace-papyrus/SimbadTest/libs/j3dutils.jar:/Users/duartesaraiva/workspace-papyrus/SimbadTest/libs/jogamp-fat-test.jar:/Users/duartesaraiva/workspace-papyrus/SimbadTest/libs/jogamp-fat.jar:/Users/duartesaraiva/workspace-papyrus/SimbadTest/libs/jogl-all.jar:/Users/duartesaraiva/workspace-papyrus/SimbadTest/libs/simbad-1.4.jar:/Users/duartesaraiva/workspace-papyrus/SimbadTest/libs/vecmath.jar
Launcher Type: SUN_STANDARD

Environment Variables:
PATH=/usr/bin:/bin:/usr/sbin:/sbin
SHELL=/bin/bash
DISPLAY=/private/tmp/com.apple.launchd.3rD0sHjA3I/org.macosforge.xquartz:0

Signal Handlers:
SIGSEGV: [libjvm.dylib+0x5b52b5], sa_mask[0]=11111111011111110111111111111111, sa_flags=SA_ONSTACK|SA_RESTART|SA_SIGINFO
SIGBUS: [libjvm.dylib+0x5b52b5], sa_mask[0]=11111111011111110111111111111111, sa_flags=SA_RESTART|SA_SIGINFO
SIGFPE: [libjvm.dylib+0x48ac5c], sa_mask[0]=11111111011111110111111111111111, sa_flags=SA_RESTART|SA_SIGINFO
SIGPIPE: [libjvm.dylib+0x48ac5c], sa_mask[0]=11111111011111110111111111111111, sa_flags=SA_RESTART|SA_SIGINFO
SIGXFSZ: [libjvm.dylib+0x48ac5c], sa_mask[0]=11111111011111110111111111111111, sa_flags=SA_RESTART|SA_SIGINFO
SIGILL: [libjvm.dylib+0x48ac5c], sa_mask[0]=11111111011111110111111111111111, sa_flags=SA_RESTART|SA_SIGINFO
SIGUSR1: SIG_DFL, sa_mask[0]=00000000000000000000000000000000, sa_flags=none
SIGUSR2: [libjvm.dylib+0x48a77a], sa_mask[0]=00100000000000000000000000000000, sa_flags=SA_RESTART|SA_SIGINFO
SIGHUP: [libjvm.dylib+0x488d45], sa_mask[0]=11111111011111110111111111111111, sa_flags=SA_RESTART|SA_SIGINFO
SIGINT: [libjvm.dylib+0x488d45], sa_mask[0]=11111111011111110111111111111111, sa_flags=SA_RESTART|SA_SIGINFO
SIGTERM: [libjvm.dylib+0x488d45], sa_mask[0]=11111111011111110111111111111111, sa_flags=SA_RESTART|SA_SIGINFO
SIGQUIT: [libjvm.dylib+0x488d45], sa_mask[0]=11111111011111110111111111111111, sa_flags=SA_RESTART|SA_SIGINFO


---------------  S Y S T E M  ---------------

OS:Bsduname:Darwin 16.7.0 Darwin Kernel Version 16.7.0: Thu Jun 15 17:36:27 PDT 2017; root:xnu-3789.70.16~2/RELEASE_X86_64 x86_64
rlimit: STACK 8192k, CORE 0k, NPROC 709, NOFILE 10240, AS infinity
load average:2.03 2.25 2.21

CPU:total 4 (initial active 4) (2 cores per cpu, 2 threads per core) family 6 model 58 stepping 9, cmov, cx8, fxsr, mmx, sse, sse2, sse3, ssse3, sse4.1, sse4.2, popcnt, avx, aes, clmul, erms, ht, tsc, tscinvbit, tscinv

Memory: 4k page, physical 8388608k(1622276k free)

/proc/meminfo:


vm_info: Java HotSpot(TM) 64-Bit Server VM (25.162-b12) for bsd-amd64 JRE (1.8.0_162-b12), built on Dec 19 2017 17:33:35 by "java_re" with gcc 4.2.1 (Based on Apple Inc. build 5658) (LLVM build 2336.11.00)

time: Fri Feb  9 13:56:33 2018
elapsed time: 86 seconds (0d 0h 1m 26s)

